{
  match: {
    matchId: 2341602,
    matchInfos: [
      { type: 'other', infos: 'match started' },
      { type: 'round', roundId: 0, infos: 'ended : SAW' },
      { type: 'round', roundId: 1, infos: 'started' },
      { type: 'round', roundId: 1, infos: 'ended : SAW' },
      { type: 'round', roundId: 2, infos: 'started' },
      { type: 'round', roundId: 2, infos: 'ended : SAW' },
      { type: 'round', roundId: 3, infos: 'started' },
      { type: 'round', roundId: 3, infos: 'ended : SAW' },
      { type: 'round', roundId: 4, infos: 'started' },
      { type: 'round', roundId: 4, infos: 'ended : SAW' },
      { type: 'round', roundId: 5, infos: 'started' },
      { type: 'round', roundId: 5, infos: 'ended : SAW' },
      { type: 'round', roundId: 6, infos: 'started' },
      { type: 'round', roundId: 6, infos: 'ended : M. RIDERS' },
      { type: 'round', roundId: 7, infos: 'started' },
      { type: 'round', roundId: 7, infos: 'ended : SAW' },
      { type: 'round', roundId: 8, infos: 'started' },
      { type: 'round', roundId: 8, infos: 'ended : SAW' },
      { type: 'round', roundId: 9, infos: 'started' },
      { type: 'round', roundId: 9, infos: 'ended : M. RIDERS' },
      { type: 'round', roundId: 10, infos: 'started' },
      { type: 'round', roundId: 10, infos: 'ended : M. RIDERS' },
      { type: 'round', roundId: 11, infos: 'started' },
      { type: 'round', roundId: 11, infos: 'ended : SAW' },
      { type: 'round', roundId: 12, infos: 'started' },
      { type: 'round', roundId: 12, infos: 'ended : M. RIDERS' },
      { type: 'round', roundId: 13, infos: 'started' },
      { type: 'round', roundId: 13, infos: 'ended : SAW' },
      { type: 'round', roundId: 14, infos: 'started' },
      { type: 'round', roundId: 14, infos: 'ended : SAW' },
      { type: 'round', roundId: 15, infos: 'started' },
      { type: 'round', roundId: 15, infos: 'ended : M. RIDERS' },
      { type: 'round', roundId: 16, infos: 'started' },
      { type: 'round', roundId: 16, infos: 'ended : M. RIDERS' },
      { type: 'round', roundId: 17, infos: 'started' },
      { type: 'round', roundId: 17, infos: 'ended : M. RIDERS' },
      { type: 'round', roundId: 18, infos: 'started' },
      { type: 'round', roundId: 18, infos: 'ended : SAW' },
      { type: 'round', roundId: 19, infos: 'started' },
      { type: 'round', roundId: 19, infos: 'ended : SAW' },
      { type: 'round', roundId: 20, infos: 'started' },
      { type: 'round', roundId: 20, infos: 'ended : SAW' },
      { type: 'round', roundId: 21, infos: 'started' },
      { type: 'round', roundId: 21, infos: 'ended : M. RIDERS' },
      { type: 'round', roundId: 22, infos: 'started' },
      { type: 'round', roundId: 22, infos: 'ended : SAW' },
      { type: 'round', roundId: 23, infos: 'started' },
      { type: 'round', roundId: 23, infos: 'ended : SAW' },
      { type: 'other', infos: 'match ended' }
    ]
  },
  date: 'Thu, 28 May 2020 20:55:47 GMT'
}
{
  match: {
    matchId: 2341602,
    matchInfos: [
      { type: 'other', infos: 'match started' },
      { type: 'round', roundId: 0, infos: 'ended : SAW' },
      { type: 'round', roundId: 1, infos: 'started' },
      { type: 'round', roundId: 1, infos: 'ended : SAW' },
      { type: 'round', roundId: 2, infos: 'started' },
      { type: 'round', roundId: 2, infos: 'ended : SAW' },
      { type: 'round', roundId: 3, infos: 'started' },
      { type: 'round', roundId: 3, infos: 'ended : SAW' },
      { type: 'round', roundId: 4, infos: 'started' },
      { type: 'round', roundId: 4, infos: 'ended : SAW' },
      { type: 'round', roundId: 5, infos: 'started' },
      { type: 'round', roundId: 5, infos: 'ended : SAW' },
      { type: 'round', roundId: 6, infos: 'started' },
      { type: 'round', roundId: 6, infos: 'ended : SAW' },
      { type: 'round', roundId: 7, infos: 'started' },
      { type: 'round', roundId: 7, infos: 'ended : SAW' },
      { type: 'round', roundId: 8, infos: 'started' },
      { type: 'round', roundId: 8, infos: 'ended : SAW' },
      { type: 'round', roundId: 9, infos: 'started' },
      { type: 'round', roundId: 9, infos: 'ended : SAW' },
      { type: 'round', roundId: 10, infos: 'started' },
      { type: 'round', roundId: 10, infos: 'ended : SAW' },
      { type: 'round', roundId: 11, infos: 'started' },
      { type: 'round', roundId: 11, infos: 'ended : M. RIDERS' },
      { type: 'round', roundId: 12, infos: 'started' },
      { type: 'round', roundId: 12, infos: 'ended : SAW' },
      { type: 'round', roundId: 13, infos: 'started' },
      { type: 'round', roundId: 13, infos: 'ended : SAW' },
      { type: 'round', roundId: 14, infos: 'started' },
      { type: 'round', roundId: 14, infos: 'ended : SAW' },
      { type: 'round', roundId: 15, infos: 'started' },
      { type: 'round', roundId: 15, infos: 'ended : SAW' },
      { type: 'round', roundId: 16, infos: 'started' },
      { type: 'round', roundId: 16, infos: 'ended : SAW' },
      { type: 'other', infos: 'match ended' }
    ]
  },
  date: 'Thu, 28 May 2020 20:59:26 GMT'
}
{
  match: {
    matchId: 2341602,
    matchInfos: [
      { type: 'other', infos: 'match started' },
      { type: 'round', roundId: 0, infos: 'ended : SAW' },
      { type: 'round', roundId: 1, infos: 'started' },
      { type: 'round', roundId: 1, infos: 'ended : M. RIDERS' },
      { type: 'round', roundId: 2, infos: 'started' },
      { type: 'round', roundId: 2, infos: 'ended : M. RIDERS' },
      { type: 'round', roundId: 3, infos: 'started' },
      { type: 'round', roundId: 3, infos: 'ended : M. RIDERS' },
      { type: 'round', roundId: 4, infos: 'started' },
      { type: 'round', roundId: 4, infos: 'ended : M. RIDERS' },
      { type: 'round', roundId: 5, infos: 'started' },
      { type: 'round', roundId: 5, infos: 'ended : SAW' },
      { type: 'round', roundId: 6, infos: 'started' },
      { type: 'round', roundId: 6, infos: 'ended : SAW' },
      { type: 'round', roundId: 7, infos: 'started' },
      { type: 'round', roundId: 7, infos: 'ended : SAW' },
      { type: 'round', roundId: 8, infos: 'started' },
      { type: 'round', roundId: 8, infos: 'ended : SAW' },
      { type: 'round', roundId: 9, infos: 'started' },
      { type: 'round', roundId: 9, infos: 'ended : SAW' },
      { type: 'round', roundId: 10, infos: 'started' },
      { type: 'round', roundId: 10, infos: 'ended : SAW' },
      { type: 'round', roundId: 11, infos: 'started' },
      { type: 'round', roundId: 11, infos: 'ended : SAW' },
      { type: 'round', roundId: 12, infos: 'started' },
      { type: 'round', roundId: 12, infos: 'ended : M. RIDERS' },
      { type: 'round', roundId: 13, infos: 'started' },
      { type: 'round', roundId: 13, infos: 'ended : SAW' },
      { type: 'round', roundId: 14, infos: 'started' },
      { type: 'round', roundId: 14, infos: 'ended : SAW' },
      { type: 'round', roundId: 15, infos: 'started' },
      { type: 'round', roundId: 15, infos: 'ended : SAW' },
      { type: 'round', roundId: 16, infos: 'started' },
      { type: 'round', roundId: 16, infos: 'ended : SAW' },
      { type: 'round', roundId: 17, infos: 'started' },
      { type: 'round', roundId: 17, infos: 'ended : SAW' },
      { type: 'round', roundId: 18, infos: 'started' },
      { type: 'round', roundId: 18, infos: 'ended : M. RIDERS' },
      { type: 'round', roundId: 19, infos: 'started' },
      { type: 'round', roundId: 19, infos: 'ended : M. RIDERS' },
      { type: 'round', roundId: 20, infos: 'started' },
      { type: 'round', roundId: 20, infos: 'ended : M. RIDERS' },
      { type: 'round', roundId: 21, infos: 'started' },
      { type: 'round', roundId: 21, infos: 'ended : SAW' },
      { type: 'round', roundId: 22, infos: 'started' },
      { type: 'round', roundId: 22, infos: 'ended : M. RIDERS' },
      { type: 'round', roundId: 23, infos: 'started' },
      { type: 'round', roundId: 23, infos: 'ended : M. RIDERS' },
      { type: 'round', roundId: 24, infos: 'started' },
      { type: 'round', roundId: 24, infos: 'ended : SAW' },
      { type: 'round', roundId: 25, infos: 'started' },
      { type: 'round', roundId: 25, infos: 'ended : M. RIDERS' },
      { type: 'round', roundId: 26, infos: 'started' },
      { type: 'round', roundId: 26, infos: 'ended : M. RIDERS' },
      { type: 'round', roundId: 27, infos: 'started' },
      { type: 'round', roundId: 27, infos: 'ended : SAW' },
      { type: 'other', infos: 'match ended' }
    ]
  },
  date: 'Thu, 28 May 2020 21:05:21 GMT'
}
{
  match: {
    matchId: 2341737,
    matchInfos: [
      { type: 'round', roundId: 0, infos: 'ended : AVANT-' },
      { type: 'round', roundId: 7, infos: 'started' },
      { type: 'other', infos: 'wrong round' },
      { type: 'round', roundId: 2, infos: 'started' },
      { type: 'other', infos: 'match started' },
      { type: 'other', infos: 'match started' },
      { type: 'round', roundId: 2, infos: 'ended : PC419' },
      { type: 'round', roundId: 1, infos: 'started' },
      { type: 'other', infos: 'wrong round' },
      { type: 'round', roundId: 2, infos: 'started' },
      { type: 'other', infos: 'match started' },
      { type: 'round', roundId: 0, infos: 'started' },
      { type: 'other', infos: 'match started' },
      { type: 'round', roundId: 0, infos: 'started' },
      { type: 'other', infos: 'match started' },
      { type: 'other', infos: 'match started' },
      { type: 'round', roundId: 0, infos: 'ended : PC419' },
      { type: 'round', roundId: 1, infos: 'started' },
      { type: 'round', roundId: 1, infos: 'ended : AVANT-' },
      { type: 'round', roundId: 2, infos: 'started' },
      { type: 'round', roundId: 2, infos: 'ended : PC419' },
      { type: 'round', roundId: 3, infos: 'started' },
      { type: 'round', roundId: 3, infos: 'ended : AVANT-' },
      { type: 'round', roundId: 4, infos: 'started' },
      { type: 'round', roundId: 4, infos: 'ended : AVANT-' },
      { type: 'round', roundId: 5, infos: 'started' },
      { type: 'round', roundId: 5, infos: 'ended : AVANT-' },
      { type: 'round', roundId: 6, infos: 'started' },
      { type: 'round', roundId: 6, infos: 'ended : AVANT-' },
      { type: 'round', roundId: 7, infos: 'started' },
      { type: 'round', roundId: 7, infos: 'ended : AVANT-' },
      { type: 'round', roundId: 8, infos: 'started' },
      { type: 'round', roundId: 8, infos: 'ended : AVANT-' },
      { type: 'round', roundId: 9, infos: 'started' },
      { type: 'round', roundId: 9, infos: 'ended : AVANT-' },
      { type: 'round', roundId: 10, infos: 'started' },
      { type: 'round', roundId: 10, infos: 'ended : PC419' },
      { type: 'round', roundId: 11, infos: 'started' },
      { type: 'round', roundId: 11, infos: 'ended : AVANT-' },
      { type: 'round', roundId: 12, infos: 'started' },
      { type: 'round', roundId: 12, infos: 'ended : PC419' },
      { type: 'round', roundId: 13, infos: 'started' },
      { type: 'round', roundId: 13, infos: 'ended : PC419' },
      { type: 'round', roundId: 14, infos: 'started' },
      { type: 'round', roundId: 14, infos: 'ended : PC419' },
      { type: 'round', roundId: 16, infos: 'started' },
      { type: 'other', infos: 'halftime' },
      { type: 'round', roundId: 16, infos: 'ended : AVANT-' },
      { type: 'round', roundId: 17, infos: 'started' },
      { type: 'other', infos: 'wrong round' },
      { type: 'round', roundId: 17, infos: 'started' },
      { type: 'round', roundId: 17, infos: 'started' },
      { type: 'round', roundId: 17, infos: 'started' },
      { type: 'round', roundId: 17, infos: 'ended : PC419' },
      { type: 'round', roundId: 18, infos: 'started' },
      { type: 'round', roundId: 18, infos: 'ended : PC419' },
      { type: 'round', roundId: 19, infos: 'started' },
      { type: 'round', roundId: 19, infos: 'ended : PC419' },
      { type: 'round', roundId: 20, infos: 'started' },
      { type: 'round', roundId: 20, infos: 'ended : AVANT-' },
      { type: 'round', roundId: 21, infos: 'started' },
      { type: 'round', roundId: 21, infos: 'ended : AVANT-' },
      { type: 'round', roundId: 22, infos: 'started' },
      { type: 'round', roundId: 22, infos: 'ended : AVANT-' },
      { type: 'round', roundId: 23, infos: 'started' },
      { type: 'round', roundId: 23, infos: 'ended : AVANT-' },
      { type: 'round', roundId: 24, infos: 'started' },
      { type: 'round', roundId: 24, infos: 'ended : AVANT-' },
      { type: 'round', roundId: 25, infos: 'started' },
      { type: 'round', roundId: 25, infos: 'ended : AVANT-' },
      { type: 'other', infos: 'match ended' }
    ]
  },
  date: 'Mon, 01 Jun 2020 20:03:40 GMT'
}
{
  match: {
    matchId: 2341725,
    matchInfos: [
      { type: 'round', roundId: 0, infos: 'started' },
      { type: 'other', infos: 'match started' },
      { type: 'other', infos: 'match started' },
      { type: 'round', roundId: 0, infos: 'ended : Navi Junior' },
      { type: 'round', roundId: 0, infos: 'started' },
      { type: 'round', roundId: 0, infos: 'started' },
      { type: 'round', roundId: 0, infos: 'started' },
      { type: 'other', infos: 'match started' },
      { type: 'other', infos: 'match started' },
      { type: 'round', roundId: 0, infos: 'ended : Navi Junior' },
      { type: 'round', roundId: 1, infos: 'started' },
      { type: 'round', roundId: 1, infos: 'ended : Navi Junior' },
      { type: 'round', roundId: 2, infos: 'started' },
      { type: 'round', roundId: 2, infos: 'ended : Navi Junior' },
      { type: 'round', roundId: 3, infos: 'started' },
      { type: 'round', roundId: 3, infos: 'ended : Navi Junior' },
      { type: 'round', roundId: 4, infos: 'started' },
      { type: 'round', roundId: 4, infos: 'ended : Navi Junior' },
      { type: 'round', roundId: 5, infos: 'started' },
      { type: 'round', roundId: 5, infos: 'ended : Navi Junior' },
      { type: 'round', roundId: 6, infos: 'started' },
      { type: 'other', infos: 'Team called timeout: Espada' },
      { type: 'round', roundId: 6, infos: 'ended : Espada' },
      { type: 'round', roundId: 7, infos: 'started' },
      { type: 'round', roundId: 7, infos: 'ended : Espada' },
      { type: 'round', roundId: 8, infos: 'started' },
      { type: 'round', roundId: 8, infos: 'ended : Espada' },
      { type: 'round', roundId: 9, infos: 'started' },
      { type: 'round', roundId: 9, infos: 'ended : Navi Junior' },
      { type: 'round', roundId: 10, infos: 'started' },
      { type: 'round', roundId: 10, infos: 'ended : Espada' },
      { type: 'round', roundId: 11, infos: 'started' },
      { type: 'round', roundId: 11, infos: 'ended : Espada' },
      { type: 'round', roundId: 12, infos: 'started' },
      { type: 'round', roundId: 12, infos: 'ended : Navi Junior' },
      { type: 'round', roundId: 13, infos: 'started' },
      { type: 'round', roundId: 13, infos: 'ended : Navi Junior' },
      { type: 'round', roundId: 14, infos: 'started' },
      { type: 'round', roundId: 14, infos: 'ended : Espada' },
      { type: 'round', roundId: 15, infos: 'started' },
      { type: 'round', roundId: 15, infos: 'ended : Navi Junior' },
      { type: 'round', roundId: 16, infos: 'started' },
      { type: 'round', roundId: 16, infos: 'ended : Espada' },
      { type: 'round', roundId: 17, infos: 'started' },
      { type: 'round', roundId: 17, infos: 'ended : Espada' },
      { type: 'round', roundId: 18, infos: 'started' },
      { type: 'round', roundId: 18, infos: 'ended : Navi Junior' },
      { type: 'round', roundId: 19, infos: 'started' },
      { type: 'round', roundId: 19, infos: 'ended : Navi Junior' },
      { type: 'round', roundId: 20, infos: 'started' },
      { type: 'round', roundId: 20, infos: 'ended : Navi Junior' },
      { type: 'round', roundId: 21, infos: 'started' },
      { type: 'round', roundId: 21, infos: 'ended : Navi Junior' },
      { type: 'round', roundId: 22, infos: 'started' },
      { type: 'round', roundId: 22, infos: 'ended : Espada' },
      { type: 'round', roundId: 23, infos: 'started' },
      { type: 'round', roundId: 23, infos: 'ended : Espada' },
      { type: 'round', roundId: 24, infos: 'started' },
      { type: 'round', roundId: 24, infos: 'ended : Espada' },
      { type: 'round', roundId: 25, infos: 'started' },
      { type: 'other', infos: 'Team called timeout: Navi Junior' },
      { type: 'round', roundId: 25, infos: 'ended : Navi Junior' },
      { type: 'round', roundId: 26, infos: 'started' },
      { type: 'round', roundId: 26, infos: 'ended : Espada' },
      { type: 'round', roundId: 27, infos: 'started' },
      { type: 'round', roundId: 27, infos: 'ended : Espada' },
      { type: 'round', roundId: 28, infos: 'started' },
      { type: 'other', infos: 'Team called timeout: Espada' },
      { type: 'other', infos: 'wrong round' },
      { type: 'other', infos: 'wrong parsing' }
    ]
  },
  date: 'Mon, 01 Jun 2020 20:41:49 GMT'
}
{
  match: {
    matchId: 2341725,
    matchInfos: [
      { type: 'round', roundId: 0, infos: 'started' },
      { type: 'other', infos: 'match started' },
      { type: 'other', infos: 'match started' },
      { type: 'round', roundId: 0, infos: 'ended : Navi Junior' },
      { type: 'round', roundId: 0, infos: 'started' },
      { type: 'round', roundId: 0, infos: 'started' },
      { type: 'round', roundId: 0, infos: 'started' },
      { type: 'other', infos: 'match started' },
      { type: 'other', infos: 'match started' },
      { type: 'round', roundId: 0, infos: 'ended : Navi Junior' },
      { type: 'round', roundId: 1, infos: 'started' },
      { type: 'round', roundId: 1, infos: 'ended : Espada' },
      { type: 'round', roundId: 2, infos: 'started' },
      { type: 'round', roundId: 2, infos: 'ended : Navi Junior' },
      { type: 'round', roundId: 3, infos: 'started' },
      { type: 'round', roundId: 3, infos: 'ended : Navi Junior' },
      { type: 'round', roundId: 4, infos: 'started' },
      { type: 'round', roundId: 4, infos: 'ended : Espada' },
      { type: 'round', roundId: 5, infos: 'started' },
      { type: 'round', roundId: 5, infos: 'ended : Navi Junior' },
      { type: 'round', roundId: 6, infos: 'started' },
      { type: 'round', roundId: 6, infos: 'ended : Navi Junior' },
      { type: 'round', roundId: 7, infos: 'started' },
      { type: 'round', roundId: 7, infos: 'ended : Navi Junior' },
      { type: 'round', roundId: 8, infos: 'started' },
      { type: 'round', roundId: 8, infos: 'ended : Navi Junior' },
      { type: 'round', roundId: 9, infos: 'started' },
      { type: 'round', roundId: 9, infos: 'ended : Navi Junior' },
      { type: 'round', roundId: 10, infos: 'started' },
      { type: 'round', roundId: 10, infos: 'ended : Navi Junior' },
      { type: 'round', roundId: 11, infos: 'started' },
      { type: 'other', infos: 'Team called timeout: Espada' },
      { type: 'round', roundId: 11, infos: 'ended : Navi Junior' },
      { type: 'round', roundId: 12, infos: 'started' },
      { type: 'round', roundId: 12, infos: 'ended : Espada' },
      { type: 'round', roundId: 13, infos: 'started' },
      { type: 'round', roundId: 13, infos: 'ended : Navi Junior' },
      { type: 'round', roundId: 14, infos: 'started' },
      { type: 'round', roundId: 14, infos: 'ended : Navi Junior' },
      { type: 'round', roundId: 15, infos: 'started' },
      { type: 'round', roundId: 15, infos: 'ended : Navi Junior' },
      { type: 'round', roundId: 16, infos: 'started' },
      { type: 'round', roundId: 16, infos: 'ended : Navi Junior' },
      { type: 'round', roundId: 17, infos: 'started' },
      { type: 'round', roundId: 17, infos: 'ended : Navi Junior' },
      { type: 'round', roundId: 18, infos: 'started' },
      { type: 'round', roundId: 18, infos: 'ended : Navi Junior' },
      { type: 'other', infos: 'match ended' }
    ]
  },
  date: 'Mon, 01 Jun 2020 20:46:41 GMT'
}
{
  match: {
    matchId: 2341742,
    matchInfos: [
      { type: 'other', infos: 'wrong round' },
      { type: 'round', roundId: 0, infos: 'started' },
      { type: 'other', infos: 'match started' },
      { type: 'other', infos: 'match started' },
      { type: 'round', roundId: 0, infos: 'ended : ORDER' },
      { type: 'round', roundId: 1, infos: 'started' },
      { type: 'other', infos: 'wrong round' },
      { type: 'round', roundId: 2, infos: 'started' },
      { type: 'other', infos: 'match started' },
      { type: 'round', roundId: 0, infos: 'started' },
      { type: 'other', infos: 'match started' },
      { type: 'round', roundId: 0, infos: 'started' },
      { type: 'other', infos: 'match started' },
      { type: 'other', infos: 'match started' },
      { type: 'round', roundId: 0, infos: 'ended : ORDER' },
      { type: 'round', roundId: 1, infos: 'started' },
      { type: 'round', roundId: 1, infos: 'ended : ORDER' },
      { type: 'round', roundId: 2, infos: 'started' },
      { type: 'round', roundId: 2, infos: 'ended : Justice' },
      { type: 'round', roundId: 3, infos: 'started' },
      { type: 'round', roundId: 3, infos: 'ended : Justice' },
      { type: 'round', roundId: 4, infos: 'started' },
      { type: 'round', roundId: 4, infos: 'ended : ORDER' },
      { type: 'round', roundId: 5, infos: 'started' },
      { type: 'round', roundId: 5, infos: 'ended : Justice' },
      { type: 'round', roundId: 6, infos: 'started' },
      { type: 'round', roundId: 6, infos: 'ended : Justice' },
      { type: 'round', roundId: 7, infos: 'started' },
      { type: 'round', roundId: 7, infos: 'ended : ORDER' },
      { type: 'round', roundId: 8, infos: 'started' },
      { type: 'round', roundId: 8, infos: 'ended : Justice' },
      { type: 'round', roundId: 9, infos: 'started' },
      { type: 'round', roundId: 9, infos: 'ended : ORDER' },
      { type: 'round', roundId: 10, infos: 'started' },
      { type: 'round', roundId: 10, infos: 'ended : ORDER' },
      { type: 'round', roundId: 11, infos: 'started' },
      { type: 'round', roundId: 11, infos: 'ended : ORDER' },
      { type: 'round', roundId: 12, infos: 'started' },
      { type: 'round', roundId: 12, infos: 'ended : ORDER' },
      { type: 'round', roundId: 13, infos: 'started' },
      { type: 'round', roundId: 13, infos: 'ended : ORDER' },
      { type: 'round', roundId: 14, infos: 'started' },
      { type: 'round', roundId: 14, infos: 'ended : Justice' },
      { type: 'round', roundId: 16, infos: 'started' },
      { type: 'other', infos: 'halftime' },
      { type: 'round', roundId: 16, infos: 'started' },
      { type: 'round', roundId: 16, infos: 'started' },
      { type: 'round', roundId: 16, infos: 'started' },
      { type: 'other', infos: 'halftime' },
      { type: 'round', roundId: 16, infos: 'ended : ORDER' },
      { type: 'round', roundId: 17, infos: 'started' },
      { type: 'round', roundId: 17, infos: 'ended : ORDER' },
      { type: 'round', roundId: 18, infos: 'started' },
      { type: 'round', roundId: 18, infos: 'ended : ORDER' },
      { type: 'round', roundId: 19, infos: 'started' },
      { type: 'round', roundId: 19, infos: 'ended : ORDER' },
      { type: 'round', roundId: 20, infos: 'started' },
      { type: 'round', roundId: 20, infos: 'ended : ORDER' },
      { type: 'round', roundId: 21, infos: 'started' },
      { type: 'round', roundId: 21, infos: 'ended : ORDER' },
      { type: 'round', roundId: 22, infos: 'started' },
      { type: 'round', roundId: 22, infos: 'ended : ORDER' },
      { type: 'other', infos: 'match ended' }
    ]
  },
  date: 'Mon, 01 Jun 2020 21:04:03 GMT'
}
{
  match: {
    matchId: 2341740,
    matchInfos: [
      { type: 'round', roundId: 0, infos: 'ended : AVANT-' },
      { type: 'round', roundId: 4, infos: 'started' },
      { type: 'other', infos: 'wrong round' },
      { type: 'round', roundId: 2, infos: 'started' },
      { type: 'other', infos: 'match started' },
      { type: 'other', infos: 'match started' },
      { type: 'round', roundId: 2, infos: 'ended : Incept-eSports' },
      { type: 'round', roundId: 1, infos: 'started' },
      { type: 'other', infos: 'wrong round' },
      { type: 'round', roundId: 2, infos: 'started' },
      { type: 'other', infos: 'match started' },
      { type: 'round', roundId: 0, infos: 'started' },
      { type: 'other', infos: 'match started' },
      { type: 'round', roundId: 0, infos: 'started' },
      { type: 'other', infos: 'match started' },
      { type: 'other', infos: 'match started' },
      { type: 'round', roundId: 0, infos: 'ended : Incept-eSports' },
      { type: 'round', roundId: 1, infos: 'started' },
      { type: 'round', roundId: 1, infos: 'ended : AVANT-' },
      { type: 'round', roundId: 2, infos: 'started' },
      { type: 'round', roundId: 2, infos: 'ended : AVANT-' },
      { type: 'round', roundId: 3, infos: 'started' },
      { type: 'round', roundId: 3, infos: 'ended : AVANT-' },
      { type: 'round', roundId: 4, infos: 'started' },
      { type: 'round', roundId: 4, infos: 'ended : Incept-eSports' },
      { type: 'round', roundId: 5, infos: 'started' },
      { type: 'round', roundId: 5, infos: 'ended : AVANT-' },
      { type: 'round', roundId: 6, infos: 'started' },
      { type: 'round', roundId: 6, infos: 'ended : AVANT-' },
      { type: 'round', roundId: 7, infos: 'started' },
      { type: 'round', roundId: 7, infos: 'ended : Incept-eSports' },
      { type: 'round', roundId: 8, infos: 'started' },
      { type: 'round', roundId: 8, infos: 'ended : AVANT-' },
      { type: 'round', roundId: 9, infos: 'started' },
      { type: 'round', roundId: 9, infos: 'ended : AVANT-' },
      { type: 'round', roundId: 10, infos: 'started' },
      { type: 'round', roundId: 10, infos: 'ended : Incept-eSports' },
      { type: 'round', roundId: 11, infos: 'started' },
      { type: 'round', roundId: 11, infos: 'ended : Incept-eSports' },
      { type: 'round', roundId: 12, infos: 'started' },
      { type: 'round', roundId: 12, infos: 'ended : Incept-eSports' },
      { type: 'round', roundId: 13, infos: 'started' },
      { type: 'round', roundId: 13, infos: 'ended : Incept-eSports' },
      { type: 'round', roundId: 14, infos: 'started' },
      { type: 'round', roundId: 14, infos: 'ended : AVANT-' },
      { type: 'round', roundId: 16, infos: 'started' },
      { type: 'other', infos: 'halftime' },
      { type: 'round', roundId: 16, infos: 'started' },
      { type: 'round', roundId: 16, infos: 'started' },
      { type: 'round', roundId: 16, infos: 'started' },
      { type: 'other', infos: 'halftime' },
      { type: 'round', roundId: 16, infos: 'ended : AVANT-' },
      { type: 'round', roundId: 17, infos: 'started' },
      { type: 'round', roundId: 17, infos: 'ended : Incept-eSports' },
      { type: 'round', roundId: 18, infos: 'started' },
      { type: 'round', roundId: 18, infos: 'ended : Incept-eSports' },
      { type: 'round', roundId: 19, infos: 'started' },
      { type: 'round', roundId: 19, infos: 'ended : Incept-eSports' },
      { type: 'round', roundId: 20, infos: 'started' },
      { type: 'round', roundId: 20, infos: 'ended : Incept-eSports' },
      { type: 'round', roundId: 21, infos: 'started' },
      { type: 'round', roundId: 21, infos: 'ended : Incept-eSports' },
      { type: 'round', roundId: 22, infos: 'started' },
      { type: 'round', roundId: 22, infos: 'ended : AVANT-' },
      { type: 'round', roundId: 23, infos: 'started' },
      { type: 'round', roundId: 23, infos: 'ended : AVANT-' },
      { type: 'round', roundId: 24, infos: 'started' },
      { type: 'round', roundId: 24, infos: 'ended : AVANT-' },
      { type: 'round', roundId: 25, infos: 'started' },
      { type: 'round', roundId: 25, infos: 'ended : AVANT-' },
      { type: 'round', roundId: 26, infos: 'started' },
      { type: 'round', roundId: 26, infos: 'ended : AVANT-' },
      { type: 'round', roundId: 27, infos: 'started' },
      { type: 'round', roundId: 27, infos: 'ended : Incept-eSports' },
      { type: 'round', roundId: 28, infos: 'started' },
      { type: 'round', roundId: 28, infos: 'ended : Incept-eSports' },
      { type: 'round', roundId: 29, infos: 'started' },
      { type: 'round', roundId: 29, infos: 'ended : Incept-eSports' },
      { type: 'round', roundId: 30, infos: 'started' },
      { type: 'round', roundId: 30, infos: 'ended : Incept-eSports' },
      { type: 'other', infos: 'match ended' }
    ]
  },
  date: 'Tue, 02 Jun 2020 10:16:27 GMT'
}
{
  match: {
    matchId: 2341740,
    matchInfos: [
      { type: 'round', roundId: 0, infos: 'ended : AVANT-' },
      { type: 'round', roundId: 4, infos: 'started' },
      { type: 'other', infos: 'wrong round' },
      { type: 'round', roundId: 2, infos: 'started' },
      { type: 'other', infos: 'match started' },
      { type: 'other', infos: 'match started' },
      { type: 'round', roundId: 2, infos: 'ended : Incept-eSports' },
      { type: 'round', roundId: 1, infos: 'started' },
      { type: 'other', infos: 'wrong round' },
      { type: 'round', roundId: 2, infos: 'started' },
      { type: 'other', infos: 'match started' },
      { type: 'round', roundId: 0, infos: 'started' },
      { type: 'other', infos: 'match started' },
      { type: 'round', roundId: 0, infos: 'started' },
      { type: 'other', infos: 'match started' },
      { type: 'other', infos: 'match started' },
      { type: 'round', roundId: 0, infos: 'ended : Incept-eSports' },
      { type: 'round', roundId: 1, infos: 'started' },
      { type: 'round', roundId: 1, infos: 'ended : AVANT-' },
      { type: 'round', roundId: 2, infos: 'started' },
      { type: 'round', roundId: 2, infos: 'ended : AVANT-' },
      { type: 'round', roundId: 3, infos: 'started' },
      { type: 'round', roundId: 3, infos: 'ended : AVANT-' },
      { type: 'round', roundId: 4, infos: 'started' },
      { type: 'round', roundId: 4, infos: 'ended : Incept-eSports' },
      { type: 'round', roundId: 5, infos: 'started' },
      { type: 'round', roundId: 5, infos: 'ended : AVANT-' },
      { type: 'round', roundId: 6, infos: 'started' },
      { type: 'round', roundId: 6, infos: 'ended : AVANT-' },
      { type: 'round', roundId: 7, infos: 'started' },
      { type: 'round', roundId: 7, infos: 'ended : Incept-eSports' },
      { type: 'round', roundId: 8, infos: 'started' },
      { type: 'round', roundId: 8, infos: 'ended : AVANT-' },
      { type: 'round', roundId: 9, infos: 'started' },
      { type: 'round', roundId: 9, infos: 'ended : AVANT-' },
      { type: 'round', roundId: 10, infos: 'started' },
      { type: 'round', roundId: 10, infos: 'ended : Incept-eSports' },
      { type: 'round', roundId: 11, infos: 'started' },
      { type: 'round', roundId: 11, infos: 'ended : Incept-eSports' },
      { type: 'round', roundId: 12, infos: 'started' },
      { type: 'round', roundId: 12, infos: 'ended : Incept-eSports' },
      { type: 'round', roundId: 13, infos: 'started' },
      { type: 'round', roundId: 13, infos: 'ended : Incept-eSports' },
      { type: 'round', roundId: 14, infos: 'started' },
      { type: 'round', roundId: 14, infos: 'ended : AVANT-' },
      { type: 'round', roundId: 16, infos: 'started' },
      { type: 'other', infos: 'halftime' },
      { type: 'round', roundId: 16, infos: 'started' },
      { type: 'round', roundId: 16, infos: 'started' },
      { type: 'round', roundId: 16, infos: 'started' },
      { type: 'other', infos: 'halftime' },
      { type: 'round', roundId: 16, infos: 'ended : AVANT-' },
      { type: 'round', roundId: 17, infos: 'started' },
      { type: 'round', roundId: 17, infos: 'ended : Incept-eSports' },
      { type: 'round', roundId: 18, infos: 'started' },
      { type: 'round', roundId: 18, infos: 'ended : Incept-eSports' },
      { type: 'round', roundId: 19, infos: 'started' },
      { type: 'round', roundId: 19, infos: 'ended : Incept-eSports' },
      { type: 'round', roundId: 20, infos: 'started' },
      { type: 'round', roundId: 20, infos: 'ended : Incept-eSports' },
      { type: 'round', roundId: 21, infos: 'started' },
      { type: 'round', roundId: 21, infos: 'ended : Incept-eSports' },
      { type: 'round', roundId: 22, infos: 'started' },
      { type: 'round', roundId: 22, infos: 'ended : AVANT-' },
      { type: 'round', roundId: 23, infos: 'started' },
      { type: 'round', roundId: 23, infos: 'ended : AVANT-' },
      { type: 'round', roundId: 24, infos: 'started' },
      { type: 'round', roundId: 24, infos: 'ended : AVANT-' },
      { type: 'round', roundId: 25, infos: 'started' },
      { type: 'round', roundId: 25, infos: 'ended : AVANT-' },
      { type: 'round', roundId: 26, infos: 'started' },
      { type: 'round', roundId: 26, infos: 'ended : AVANT-' },
      { type: 'round', roundId: 27, infos: 'started' },
      { type: 'round', roundId: 27, infos: 'ended : Incept-eSports' },
      { type: 'round', roundId: 28, infos: 'started' },
      { type: 'round', roundId: 28, infos: 'ended : Incept-eSports' },
      { type: 'round', roundId: 29, infos: 'started' },
      { type: 'round', roundId: 29, infos: 'ended : Incept-eSports' },
      { type: 'round', roundId: 30, infos: 'started' },
      { type: 'round', roundId: 30, infos: 'ended : Incept-eSports' },
      { type: 'other', infos: 'match ended' },
      { type: 'round', roundId: 31, infos: 'started' },
      { type: 'other', infos: 'match ended' }
    ]
  },
  date: 'Tue, 02 Jun 2020 10:16:27 GMT'
}
{
  match: {
    matchId: 2341641,
    matchInfos: [
      { type: 'round', roundId: 0, infos: 'ended : Salamander' },
      { type: 'round', roundId: 1, infos: 'started' },
      { type: 'round', roundId: 1, infos: 'ended : Salamander' },
      { type: 'round', roundId: 2, infos: 'started' },
      { type: 'round', roundId: 2, infos: 'ended : Salamander' },
      { type: 'round', roundId: 3, infos: 'started' },
      { type: 'round', roundId: 3, infos: 'ended : Salamander' },
      { type: 'round', roundId: 4, infos: 'started' },
      { type: 'other', infos: 'Team called timeout: sAw' },
      { type: 'round', roundId: 4, infos: 'ended : Salamander' },
      { type: 'other', infos: 'wrong round' },
      { type: 'round', roundId: 5, infos: 'started' },
      { type: 'round', roundId: 5, infos: 'ended : Salamander' },
      { type: 'round', roundId: 6, infos: 'started' },
      { type: 'round', roundId: 6, infos: 'ended : Salamander' },
      { type: 'round', roundId: 7, infos: 'started' },
      { type: 'round', roundId: 7, infos: 'ended : Salamander' },
      { type: 'round', roundId: 8, infos: 'started' },
      { type: 'round', roundId: 8, infos: 'ended : sAw' },
      { type: 'round', roundId: 9, infos: 'started' },
      { type: 'round', roundId: 9, infos: 'ended : Salamander' },
      { type: 'round', roundId: 10, infos: 'started' },
      { type: 'other', infos: 'Team called timeout: Salamander' },
      { type: 'round', roundId: 10, infos: 'ended : sAw' },
      { type: 'round', roundId: 11, infos: 'started' },
      { type: 'round', roundId: 11, infos: 'ended : Salamander' },
      { type: 'round', roundId: 12, infos: 'started' },
      { type: 'round', roundId: 12, infos: 'ended : sAw' },
      { type: 'round', roundId: 13, infos: 'started' },
      { type: 'round', roundId: 13, infos: 'ended : Salamander' },
      { type: 'round', roundId: 14, infos: 'started' },
      { type: 'round', roundId: 14, infos: 'ended : Salamander' },
      { type: 'round', roundId: 15, infos: 'started' },
      { type: 'round', roundId: 15, infos: 'ended : Salamander' },
      { type: 'round', roundId: 16, infos: 'started' },
      { type: 'round', roundId: 16, infos: 'ended : Salamander' },
      { type: 'round', roundId: 17, infos: 'started' },
      { type: 'round', roundId: 17, infos: 'ended : sAw' },
      { type: 'round', roundId: 18, infos: 'started' },
      { type: 'round', roundId: 18, infos: 'ended : sAw' },
      { type: 'round', roundId: 19, infos: 'started' },
      { type: 'round', roundId: 19, infos: 'ended : Salamander' },
      { type: 'round', roundId: 20, infos: 'started' },
      { type: 'round', roundId: 20, infos: 'ended : Salamander' },
      { type: 'other', infos: 'wrong parsing' }
    ]
  },
  date: 'Tue, 02 Jun 2020 10:42:17 GMT'
}
{
  match: {
    matchId: 2341738,
    matchInfos: [
      { type: 'other', infos: 'wrong round' },
      { type: 'round', roundId: 0, infos: 'started' },
      { type: 'other', infos: 'match started' },
      { type: 'other', infos: 'match started' },
      { type: 'round', roundId: 0, infos: 'ended : Team Skyfire' },
      { type: 'round', roundId: 1, infos: 'started' },
      { type: 'other', infos: 'wrong round' },
      { type: 'round', roundId: 2, infos: 'started' },
      { type: 'other', infos: 'match started' },
      { type: 'round', roundId: 0, infos: 'started' },
      { type: 'other', infos: 'match started' },
      { type: 'round', roundId: 0, infos: 'started' },
      { type: 'other', infos: 'match started' },
      { type: 'other', infos: 'match started' },
      { type: 'round', roundId: 0, infos: 'ended : Ground Zer0' },
      { type: 'round', roundId: 1, infos: 'started' },
      { type: 'round', roundId: 1, infos: 'ended : Ground Zer0' },
      { type: 'round', roundId: 2, infos: 'started' },
      { type: 'round', roundId: 2, infos: 'ended : Ground Zer0' },
      { type: 'round', roundId: 3, infos: 'started' },
      { type: 'round', roundId: 3, infos: 'ended : Team Skyfire' },
      { type: 'round', roundId: 4, infos: 'started' },
      { type: 'round', roundId: 4, infos: 'ended : Ground Zer0' },
      { type: 'round', roundId: 5, infos: 'started' },
      { type: 'round', roundId: 5, infos: 'ended : Team Skyfire' },
      { type: 'round', roundId: 6, infos: 'started' },
      { type: 'round', roundId: 6, infos: 'ended : Team Skyfire' },
      { type: 'round', roundId: 7, infos: 'started' },
      { type: 'round', roundId: 7, infos: 'ended : Team Skyfire' },
      { type: 'round', roundId: 8, infos: 'started' },
      { type: 'round', roundId: 8, infos: 'ended : Team Skyfire' },
      { type: 'round', roundId: 9, infos: 'started' },
      { type: 'round', roundId: 9, infos: 'ended : Ground Zer0' },
      { type: 'other', infos: 'wrong round' },
      { type: 'round', roundId: 10, infos: 'started' },
      { type: 'round', roundId: 10, infos: 'ended : Ground Zer0' },
      { type: 'round', roundId: 11, infos: 'started' },
      { type: 'round', roundId: 11, infos: 'ended : Ground Zer0' },
      { type: 'round', roundId: 12, infos: 'started' },
      { type: 'round', roundId: 12, infos: 'ended : Team Skyfire' },
      { type: 'round', roundId: 13, infos: 'started' },
      { type: 'round', roundId: 13, infos: 'ended : Team Skyfire' },
      { type: 'round', roundId: 14, infos: 'started' },
      { type: 'round', roundId: 14, infos: 'ended : Ground Zer0' },
      { type: 'round', roundId: 15, infos: 'started' },
      { type: 'other', infos: 'match started' },
      { type: 'other', infos: 'match started' },
      { type: 'round', roundId: 15, infos: 'ended : Team Skyfire' },
      { type: 'round', roundId: 1, infos: 'started' },
      { type: 'other', infos: 'wrong round' },
      { type: 'round', roundId: 2, infos: 'started' },
      { type: 'other', infos: 'match started' },
      { type: 'round', roundId: 0, infos: 'started' },
      { type: 'other', infos: 'match started' },
      { type: 'round', roundId: 0, infos: 'started' },
      { type: 'other', infos: 'match started' },
      { type: 'other', infos: 'match started' },
      { type: 'round', roundId: 0, infos: 'ended : Ground Zer0' },
      { type: 'round', roundId: 1, infos: 'started' },
      { type: 'round', roundId: 1, infos: 'ended : Ground Zer0' },
      { type: 'round', roundId: 2, infos: 'started' },
      { type: 'round', roundId: 2, infos: 'ended : Ground Zer0' },
      { type: 'round', roundId: 3, infos: 'started' },
      { type: 'round', roundId: 3, infos: 'ended : Ground Zer0' },
      { type: 'round', roundId: 4, infos: 'started' },
      { type: 'round', roundId: 4, infos: 'ended : Ground Zer0' },
      { type: 'round', roundId: 5, infos: 'started' },
      { type: 'round', roundId: 5, infos: 'ended : Team Skyfire' },
      { type: 'round', roundId: 6, infos: 'started' },
      { type: 'round', roundId: 6, infos: 'ended : Ground Zer0' },
      { type: 'round', roundId: 7, infos: 'started' },
      { type: 'round', roundId: 7, infos: 'ended : Ground Zer0' },
      { type: 'round', roundId: 8, infos: 'started' },
      { type: 'round', roundId: 8, infos: 'ended : Team Skyfire' },
      { type: 'round', roundId: 9, infos: 'started' },
      { type: 'round', roundId: 9, infos: 'ended : Team Skyfire' },
      { type: 'round', roundId: 10, infos: 'started' },
      { type: 'round', roundId: 10, infos: 'ended : Team Skyfire' },
      { type: 'round', roundId: 11, infos: 'started' },
      { type: 'round', roundId: 11, infos: 'ended : Team Skyfire' },
      { type: 'round', roundId: 12, infos: 'started' },
      { type: 'round', roundId: 12, infos: 'ended : Team Skyfire' },
      { type: 'round', roundId: 13, infos: 'started' },
      { type: 'round', roundId: 13, infos: 'ended : Team Skyfire' },
      { type: 'round', roundId: 14, infos: 'started' },
      { type: 'round', roundId: 14, infos: 'ended : Ground Zer0' },
      { type: 'round', roundId: 16, infos: 'started' },
      { type: 'other', infos: 'halftime' },
      { type: 'round', roundId: 16, infos: 'ended : ' },
      { type: 'round', roundId: 17, infos: 'started' },
      { type: 'round', roundId: 17, infos: 'ended : undefined' },
      { type: 'other', infos: 'wrong round' },
      { type: 'round', roundId: 17, infos: 'started' },
      { type: 'other', infos: 'wrong round' },
      { type: 'other', infos: 'wrong parsing' }
    ]
  },
  date: 'Tue, 02 Jun 2020 11:08:06 GMT'
}
{
  match: {
    matchId: 2341744,
    matchInfos: [
      { type: 'round', roundId: 0, infos: 'ended : Bantz' },
      { type: 'round', roundId: 4, infos: 'started' },
      { type: 'other', infos: 'wrong round' },
      { type: 'round', roundId: 2, infos: 'started' },
      { type: 'other', infos: 'match started' },
      { type: 'other', infos: 'match started' },
      { type: 'round', roundId: 2, infos: 'ended : Forbidden-' },
      { type: 'round', roundId: 1, infos: 'started' },
      { type: 'other', infos: 'wrong round' },
      { type: 'round', roundId: 2, infos: 'started' },
      { type: 'other', infos: 'match started' },
      { type: 'round', roundId: 0, infos: 'started' },
      { type: 'other', infos: 'match started' },
      { type: 'round', roundId: 0, infos: 'started' },
      { type: 'other', infos: 'match started' },
      { type: 'other', infos: 'match started' },
      { type: 'round', roundId: 0, infos: 'ended : Forbidden-' },
      { type: 'round', roundId: 1, infos: 'started' },
      { type: 'round', roundId: 1, infos: 'ended : Forbidden-' },
      { type: 'round', roundId: 2, infos: 'started' },
      { type: 'round', roundId: 2, infos: 'ended : Bantz' },
      { type: 'round', roundId: 3, infos: 'started' },
      { type: 'round', roundId: 3, infos: 'ended : Forbidden-' },
      { type: 'round', roundId: 4, infos: 'started' },
      { type: 'round', roundId: 4, infos: 'ended : Forbidden-' },
      { type: 'round', roundId: 5, infos: 'started' },
      { type: 'round', roundId: 5, infos: 'ended : Forbidden-' },
      { type: 'round', roundId: 6, infos: 'started' },
      { type: 'round', roundId: 6, infos: 'ended : Bantz' },
      { type: 'round', roundId: 7, infos: 'started' },
      { type: 'round', roundId: 7, infos: 'ended : Bantz' },
      { type: 'round', roundId: 8, infos: 'started' },
      { type: 'round', roundId: 8, infos: 'ended : Bantz' },
      { type: 'round', roundId: 9, infos: 'started' },
      { type: 'round', roundId: 9, infos: 'ended : Bantz' },
      { type: 'round', roundId: 10, infos: 'started' },
      { type: 'round', roundId: 10, infos: 'ended : Bantz' },
      { type: 'round', roundId: 11, infos: 'started' },
      { type: 'round', roundId: 11, infos: 'ended : Bantz' },
      { type: 'round', roundId: 12, infos: 'started' },
      { type: 'round', roundId: 12, infos: 'ended : Bantz' },
      { type: 'round', roundId: 13, infos: 'started' },
      { type: 'round', roundId: 13, infos: 'ended : Bantz' },
      { type: 'round', roundId: 14, infos: 'started' },
      { type: 'round', roundId: 14, infos: 'ended : Bantz' },
      { type: 'round', roundId: 16, infos: 'started' },
      { type: 'other', infos: 'halftime' },
      { type: 'round', roundId: 16, infos: 'started' },
      { type: 'round', roundId: 16, infos: 'started' },
      { type: 'round', roundId: 16, infos: 'started' },
      { type: 'other', infos: 'halftime' },
      { type: 'round', roundId: 16, infos: 'ended : Forbidden-' },
      { type: 'round', roundId: 17, infos: 'started' },
      { type: 'round', roundId: 17, infos: 'ended : Bantz' },
      { type: 'round', roundId: 18, infos: 'started' },
      { type: 'round', roundId: 18, infos: 'ended : Bantz' },
      { type: 'round', roundId: 19, infos: 'started' },
      { type: 'round', roundId: 19, infos: 'ended : Bantz' },
      { type: 'round', roundId: 20, infos: 'started' },
      { type: 'round', roundId: 20, infos: 'ended : Bantz' },
      { type: 'round', roundId: 21, infos: 'started' },
      { type: 'round', roundId: 21, infos: 'ended : Bantz' },
      { type: 'round', roundId: 22, infos: 'started' },
      { type: 'round', roundId: 22, infos: 'ended : Bantz' },
      { type: 'other', infos: 'match ended' }
    ]
  },
  date: 'Tue, 02 Jun 2020 11:35:56 GMT'
}
{
  match: {
    matchId: 2341744,
    matchInfos: [
      { type: 'round', roundId: 0, infos: 'ended : Bantz' },
      { type: 'round', roundId: 4, infos: 'started' },
      { type: 'other', infos: 'wrong round' },
      { type: 'round', roundId: 2, infos: 'started' },
      { type: 'other', infos: 'match started' },
      { type: 'other', infos: 'match started' },
      { type: 'round', roundId: 2, infos: 'ended : Forbidden-' },
      { type: 'round', roundId: 1, infos: 'started' },
      { type: 'other', infos: 'wrong round' },
      { type: 'round', roundId: 2, infos: 'started' },
      { type: 'other', infos: 'match started' },
      { type: 'round', roundId: 0, infos: 'started' },
      { type: 'other', infos: 'match started' },
      { type: 'round', roundId: 0, infos: 'started' },
      { type: 'other', infos: 'match started' },
      { type: 'other', infos: 'match started' },
      { type: 'round', roundId: 0, infos: 'ended : Forbidden-' },
      { type: 'round', roundId: 1, infos: 'started' },
      { type: 'round', roundId: 1, infos: 'ended : Forbidden-' },
      { type: 'round', roundId: 2, infos: 'started' },
      { type: 'round', roundId: 2, infos: 'ended : Bantz' },
      { type: 'round', roundId: 3, infos: 'started' },
      { type: 'round', roundId: 3, infos: 'ended : Forbidden-' },
      { type: 'round', roundId: 4, infos: 'started' },
      { type: 'round', roundId: 4, infos: 'ended : Forbidden-' },
      { type: 'round', roundId: 5, infos: 'started' },
      { type: 'round', roundId: 5, infos: 'ended : Forbidden-' },
      { type: 'round', roundId: 6, infos: 'started' },
      { type: 'round', roundId: 6, infos: 'ended : Bantz' },
      { type: 'round', roundId: 7, infos: 'started' },
      { type: 'round', roundId: 7, infos: 'ended : Bantz' },
      { type: 'round', roundId: 8, infos: 'started' },
      { type: 'round', roundId: 8, infos: 'ended : Bantz' },
      { type: 'round', roundId: 9, infos: 'started' },
      { type: 'round', roundId: 9, infos: 'ended : Bantz' },
      { type: 'round', roundId: 10, infos: 'started' },
      { type: 'round', roundId: 10, infos: 'ended : Bantz' },
      { type: 'round', roundId: 11, infos: 'started' },
      { type: 'round', roundId: 11, infos: 'ended : Bantz' },
      { type: 'round', roundId: 12, infos: 'started' },
      { type: 'round', roundId: 12, infos: 'ended : Bantz' },
      { type: 'round', roundId: 13, infos: 'started' },
      { type: 'round', roundId: 13, infos: 'ended : Bantz' },
      { type: 'round', roundId: 14, infos: 'started' },
      { type: 'round', roundId: 14, infos: 'ended : Bantz' },
      { type: 'round', roundId: 16, infos: 'started' },
      { type: 'other', infos: 'halftime' },
      { type: 'round', roundId: 16, infos: 'started' },
      { type: 'round', roundId: 16, infos: 'started' },
      { type: 'round', roundId: 16, infos: 'started' },
      { type: 'other', infos: 'halftime' },
      { type: 'round', roundId: 16, infos: 'ended : Forbidden-' },
      { type: 'round', roundId: 17, infos: 'started' },
      { type: 'round', roundId: 17, infos: 'ended : Bantz' },
      { type: 'round', roundId: 18, infos: 'started' },
      { type: 'round', roundId: 18, infos: 'ended : Bantz' },
      { type: 'round', roundId: 19, infos: 'started' },
      { type: 'round', roundId: 19, infos: 'ended : Bantz' },
      { type: 'round', roundId: 20, infos: 'started' },
      { type: 'round', roundId: 20, infos: 'ended : Bantz' },
      { type: 'round', roundId: 21, infos: 'started' },
      { type: 'round', roundId: 21, infos: 'ended : Bantz' },
      { type: 'round', roundId: 22, infos: 'started' },
      { type: 'round', roundId: 22, infos: 'ended : Bantz' },
      { type: 'other', infos: 'match ended' },
      { type: 'round', roundId: 23, infos: 'started' },
      { type: 'other', infos: 'match ended' }
    ]
  },
  date: 'Tue, 02 Jun 2020 11:35:56 GMT'
}
{
  match: {
    matchId: 2341741,
    matchInfos: [
      { type: 'round', roundId: 0, infos: 'ended : Rooster-' },
      { type: 'round', roundId: 4, infos: 'started' },
      { type: 'other', infos: 'wrong round' },
      { type: 'round', roundId: 2, infos: 'started' },
      { type: 'other', infos: 'match started' },
      { type: 'other', infos: 'match started' },
      { type: 'round', roundId: 2, infos: 'ended : Rooster-' },
      { type: 'round', roundId: 1, infos: 'started' },
      { type: 'other', infos: 'wrong round' },
      { type: 'round', roundId: 2, infos: 'started' },
      { type: 'other', infos: 'match started' },
      { type: 'round', roundId: 0, infos: 'started' },
      { type: 'other', infos: 'match started' },
      { type: 'round', roundId: 0, infos: 'started' },
      { type: 'other', infos: 'match started' },
      { type: 'other', infos: 'match started' },
      { type: 'round', roundId: 0, infos: 'ended : Rooster-' },
      { type: 'round', roundId: 1, infos: 'started' },
      { type: 'round', roundId: 1, infos: 'ended : Rooster-' },
      { type: 'round', roundId: 2, infos: 'started' },
      { type: 'round', roundId: 2, infos: 'ended : Rooster-' },
      { type: 'round', roundId: 3, infos: 'started' },
      { type: 'round', roundId: 3, infos: 'ended : Incept-eSports' },
      { type: 'round', roundId: 4, infos: 'started' },
      { type: 'round', roundId: 4, infos: 'ended : Rooster-' },
      { type: 'round', roundId: 5, infos: 'started' },
      { type: 'round', roundId: 5, infos: 'ended : Rooster-' },
      { type: 'round', roundId: 6, infos: 'started' },
      { type: 'round', roundId: 6, infos: 'ended : Rooster-' },
      { type: 'round', roundId: 7, infos: 'started' },
      { type: 'round', roundId: 7, infos: 'ended : Rooster-' },
      { type: 'round', roundId: 8, infos: 'started' },
      { type: 'round', roundId: 8, infos: 'ended : Rooster-' },
      { type: 'round', roundId: 9, infos: 'started' },
      { type: 'round', roundId: 9, infos: 'ended : Rooster-' },
      { type: 'round', roundId: 10, infos: 'started' },
      { type: 'round', roundId: 10, infos: 'ended : Rooster-' },
      { type: 'round', roundId: 11, infos: 'started' },
      { type: 'round', roundId: 11, infos: 'ended : Rooster-' },
      { type: 'round', roundId: 12, infos: 'started' },
      { type: 'round', roundId: 12, infos: 'ended : Rooster-' },
      { type: 'round', roundId: 13, infos: 'started' },
      { type: 'round', roundId: 13, infos: 'ended : Rooster-' },
      { type: 'round', roundId: 14, infos: 'started' },
      { type: 'round', roundId: 14, infos: 'ended : Rooster-' },
      { type: 'round', roundId: 16, infos: 'started' },
      { type: 'other', infos: 'halftime' },
      { type: 'round', roundId: 16, infos: 'ended : Incept-eSports' },
      { type: 'round', roundId: 17, infos: 'started' },
      { type: 'round', roundId: 17, infos: 'started' },
      { type: 'round', roundId: 17, infos: 'started' },
      { type: 'round', roundId: 17, infos: 'ended : Rooster-' },
      { type: 'round', roundId: 18, infos: 'started' },
      { type: 'round', roundId: 18, infos: 'ended : Incept-eSports' },
      { type: 'round', roundId: 19, infos: 'started' },
      { type: 'round', roundId: 19, infos: 'ended : Incept-eSports' },
      { type: 'round', roundId: 20, infos: 'started' },
      { type: 'round', roundId: 20, infos: 'ended : Incept-eSports' },
      { type: 'round', roundId: 21, infos: 'started' },
      { type: 'round', roundId: 21, infos: 'ended : Incept-eSports' },
      { type: 'other', infos: 'match ended' }
    ]
  },
  date: 'Tue, 02 Jun 2020 12:02:57 GMT'
}
