{"date":"Thu, 28 May 2020 18:09:31 GMT","level":"INFO","from":"demo_manager","message":"Twitch JSON created"}
{"date":"Thu, 28 May 2020 18:09:36 GMT","level":"INFO","from":"demo_manager","message":"Twitch JSON created"}
{"date":"Thu, 28 May 2020 18:09:39 GMT","level":"INFO","from":"demo_manager","message":"Twitch JSON created"}
{"date":"Thu, 28 May 2020 18:09:43 GMT","level":"INFO","from":"demo_manager","message":"Twitch JSON created"}
{"date":"Thu, 28 May 2020 18:13:48 GMT","level":"INFO","from":"demo_manager","message":"Twitch JSON created"}
{"date":"Thu, 28 May 2020 20:09:34 GMT","level":"INFO","from":"demo_manager","message":"Twitch JSON created"}
{"date":"Thu, 28 May 2020 20:10:46 GMT","level":"INFO","from":"demo_manager","message":"Twitch JSON created"}
{"date":"Thu, 28 May 2020 20:10:57 GMT","level":"INFO","from":"demo_manager","message":"Twitch JSON created"}
{"date":"Thu, 28 May 2020 20:11:17 GMT","level":"INFO","from":"demo_manager","message":"Twitch JSON created"}
{"date":"Thu, 28 May 2020 20:12:24 GMT","level":"INFO","from":"demo_manager","message":"Twitch JSON created"}
{"date":"Thu, 28 May 2020 20:13:32 GMT","level":"INFO","from":"demo_manager","message":"Twitch JSON created"}
{"date":"Thu, 28 May 2020 20:14:56 GMT","level":"INFO","from":"demo_manager","message":"Twitch JSON created"}
{"date":"Thu, 28 May 2020 20:21:36 GMT","level":"INFO","from":"demo_manager","message":"Twitch JSON created"}
{"date":"Thu, 28 May 2020 20:21:57 GMT","level":"INFO","from":"demo_manager","message":"Twitch JSON created"}
{"date":"Thu, 28 May 2020 20:35:21 GMT","level":"INFO","from":"demo_manager","message":"Twitch JSON created"}
{"date":"Thu, 28 May 2020 20:35:21 GMT","level":"INFO","from":"demo_manager","message":"Parsing demo for match 2341026 map 1"}
{"date":"Thu, 28 May 2020 20:35:21 GMT","level":"INFO","from":"demo_manager","message":"Parsing demo for match 2341026 map 2"}
{"date":"Thu, 28 May 2020 20:35:21 GMT","level":"INFO","from":"demo_manager","message":"Parsing demo for match 2341026 map 3"}
{"date":"Thu, 28 May 2020 20:39:05 GMT","level":"INFO","from":"demo_manager","message":"Twitch JSON created"}
{"date":"Thu, 28 May 2020 20:39:05 GMT","level":"INFO","from":"demo_manager","message":"Parsing demo for match 2341446 map 1"}
{"date":"Thu, 28 May 2020 20:39:05 GMT","level":"INFO","from":"demo_manager","message":"Parsing demo for match 2341446 map 2"}
{"date":"Thu, 28 May 2020 20:39:05 GMT","level":"INFO","from":"demo_manager","message":"Parsing demo for match 2341446 map 3"}
{"date":"Thu, 28 May 2020 20:39:32 GMT","level":"INFO","from":"demo_manager","message":"Twitch JSON created"}
{"date":"Thu, 28 May 2020 20:39:32 GMT","level":"INFO","from":"demo_manager","message":"Parsing demo for match 2341489 map 1"}
{"date":"Thu, 28 May 2020 20:41:54 GMT","level":"INFO","from":"demo_manager","message":"Twitch JSON created"}
{"date":"Thu, 28 May 2020 20:41:54 GMT","level":"INFO","from":"demo_manager","message":"Download demos for match 2341508 demo id is : 57439"}
{"date":"Thu, 28 May 2020 20:41:54 GMT","level":"INFO","from":"demo_manager","message":"Parsing demo for match 2341508 map 1"}
{"date":"Thu, 28 May 2020 20:42:34 GMT","level":"INFO","from":"demo_manager","message":"Twitch JSON created"}
{"date":"Thu, 28 May 2020 20:42:34 GMT","level":"INFO","from":"demo_manager","message":"Download demos for match 2341600 demo id is : 57480"}
{"date":"Thu, 28 May 2020 20:42:34 GMT","level":"INFO","from":"demo_manager","message":"Parsing demo for match 2341600 map 1"}
{"date":"Thu, 28 May 2020 20:42:34 GMT","level":"INFO","from":"demo_manager","message":"Parsing demo for match 2341600 map 2"}
{"date":"Thu, 28 May 2020 20:43:39 GMT","level":"INFO","from":"demo_manager","message":"10 % of download complete"}
{"date":"Thu, 28 May 2020 20:44:49 GMT","level":"INFO","from":"demo_manager","message":"20 % of download complete"}
{"date":"Thu, 28 May 2020 20:45:15 GMT","level":"INFO","from":"demo_manager","message":"Twitch JSON created"}
{"date":"Thu, 28 May 2020 20:45:15 GMT","level":"INFO","from":"demo_manager","message":"Downloading demos for match 2341602 demo id is : 57476"}
{"date":"Thu, 28 May 2020 20:45:46 GMT","level":"INFO","from":"demo_manager","message":"10 % of download complete"}
{"date":"Thu, 28 May 2020 20:46:16 GMT","level":"INFO","from":"demo_manager","message":"20 % of download complete"}
{"date":"Thu, 28 May 2020 20:46:47 GMT","level":"INFO","from":"demo_manager","message":"30 % of download complete"}
{"date":"Thu, 28 May 2020 20:47:22 GMT","level":"INFO","from":"demo_manager","message":"40 % of download complete"}
{"date":"Thu, 28 May 2020 20:48:01 GMT","level":"INFO","from":"demo_manager","message":"50 % of download complete"}
{"date":"Thu, 28 May 2020 20:48:39 GMT","level":"INFO","from":"demo_manager","message":"60 % of download complete"}
{"date":"Thu, 28 May 2020 20:49:16 GMT","level":"INFO","from":"demo_manager","message":"70 % of download complete"}
{"date":"Thu, 28 May 2020 20:49:56 GMT","level":"INFO","from":"demo_manager","message":"80 % of download complete"}
{"date":"Thu, 28 May 2020 20:50:28 GMT","level":"INFO","from":"demo_manager","message":"90 % of download complete"}
{"date":"Thu, 28 May 2020 20:50:56 GMT","level":"INFO","from":"demo_manager","message":"100 % of download complete"}
{"date":"Thu, 28 May 2020 20:50:57 GMT","level":"INFO","from":"demo_manager","message":"Finished download for demo 2341602"}
{"date":"Thu, 28 May 2020 20:51:03 GMT","level":"INFO","from":"demo_manager","message":"Finished unrar for demo 2341602"}
{"date":"Thu, 28 May 2020 20:51:03 GMT","level":"INFO","from":"demo_manager","message":"Parsing demo for match 2341602 map 1"}
{"date":"Thu, 28 May 2020 20:51:03 GMT","level":"INFO","from":"demo_manager","message":"Map to parse is : movistar-riders-vs-saw-m1-overpass.dem"}
{"date":"Thu, 28 May 2020 20:55:47 GMT","level":"INFO","from":"demo_manager","message":"Good parsing for map : movistar-riders-vs-saw-m1-overpass.dem for match : 2341602"}
{"date":"Thu, 28 May 2020 20:55:47 GMT","level":"INFO","from":"demo_manager","message":"Match JSON created for match 2341602 map n°1"}
{"date":"Thu, 28 May 2020 20:55:47 GMT","level":"INFO","from":"demo_manager","message":"Parsing demo for match 2341602 map 2"}
{"date":"Thu, 28 May 2020 20:55:47 GMT","level":"INFO","from":"demo_manager","message":"Map to parse is : movistar-riders-vs-saw-m2-vertigo.dem"}
{"date":"Thu, 28 May 2020 20:59:26 GMT","level":"INFO","from":"demo_manager","message":"Good parsing for map : movistar-riders-vs-saw-m2-vertigo.dem for match : 2341602"}
{"date":"Thu, 28 May 2020 20:59:26 GMT","level":"INFO","from":"demo_manager","message":"Match JSON created for match 2341602 map n°2"}
{"date":"Thu, 28 May 2020 20:59:26 GMT","level":"INFO","from":"demo_manager","message":"Parsing demo for match 2341602 map 3"}
{"date":"Thu, 28 May 2020 20:59:26 GMT","level":"INFO","from":"demo_manager","message":"Map to parse is : movistar-riders-vs-saw-m3-train.dem"}
{"date":"Thu, 28 May 2020 21:05:21 GMT","level":"INFO","from":"demo_manager","message":"Good parsing for map : movistar-riders-vs-saw-m3-train.dem for match : 2341602"}
{"date":"Thu, 28 May 2020 21:05:21 GMT","level":"INFO","from":"demo_manager","message":"Match JSON created for match 2341602 map n°3"}
{"date":"Sat, 30 May 2020 17:15:13 GMT","level":"INFO","from":"demo_manager","message":"Twitch JSON created"}
{"date":"Sat, 30 May 2020 17:15:13 GMT","level":"INFO","from":"demo_manager","message":"Downloading demos for match 2341043 demo id is : 57478"}
{"date":"Sat, 30 May 2020 17:15:54 GMT","level":"INFO","from":"demo_manager","message":"10 % of download complete"}
{"date":"Sat, 30 May 2020 17:16:37 GMT","level":"INFO","from":"demo_manager","message":"20 % of download complete"}
{"date":"Sat, 30 May 2020 17:17:19 GMT","level":"INFO","from":"demo_manager","message":"30 % of download complete"}
{"date":"Sat, 30 May 2020 17:18:02 GMT","level":"INFO","from":"demo_manager","message":"40 % of download complete"}
{"date":"Sat, 30 May 2020 17:18:45 GMT","level":"INFO","from":"demo_manager","message":"50 % of download complete"}
{"date":"Sat, 30 May 2020 17:19:28 GMT","level":"INFO","from":"demo_manager","message":"60 % of download complete"}
{"date":"Sat, 30 May 2020 17:20:02 GMT","level":"INFO","from":"demo_manager","message":"Twitch JSON created"}
{"date":"Sat, 30 May 2020 17:20:02 GMT","level":"INFO","from":"demo_manager","message":"Downloading demos for match 2341612 demo id is : 57477"}
{"date":"Sat, 30 May 2020 17:20:13 GMT","level":"INFO","from":"demo_manager","message":"10 % of download complete"}
{"date":"Sat, 30 May 2020 17:20:24 GMT","level":"INFO","from":"demo_manager","message":"20 % of download complete"}
{"date":"Sat, 30 May 2020 17:20:36 GMT","level":"INFO","from":"demo_manager","message":"30 % of download complete"}
{"date":"Sat, 30 May 2020 17:20:47 GMT","level":"INFO","from":"demo_manager","message":"40 % of download complete"}
{"date":"Sat, 30 May 2020 17:20:58 GMT","level":"INFO","from":"demo_manager","message":"50 % of download complete"}
{"date":"Sat, 30 May 2020 17:21:10 GMT","level":"INFO","from":"demo_manager","message":"60 % of download complete"}
{"date":"Sat, 30 May 2020 17:21:21 GMT","level":"INFO","from":"demo_manager","message":"70 % of download complete"}
{"date":"Sat, 30 May 2020 17:21:32 GMT","level":"INFO","from":"demo_manager","message":"80 % of download complete"}
{"date":"Sat, 30 May 2020 17:21:43 GMT","level":"INFO","from":"demo_manager","message":"90 % of download complete"}
{"date":"Sat, 30 May 2020 17:21:54 GMT","level":"INFO","from":"demo_manager","message":"100 % of download complete"}
{"date":"Sat, 30 May 2020 17:21:55 GMT","level":"INFO","from":"demo_manager","message":"Finished download for demo 2341612"}
{"date":"Sat, 30 May 2020 17:22:03 GMT","level":"INFO","from":"demo_manager","message":"Finished unrar for demo 2341612"}
{"date":"Sat, 30 May 2020 17:22:03 GMT","level":"INFO","from":"demo_manager","message":"Parsing demo for match 2341612 map 1"}
{"date":"Sat, 30 May 2020 17:22:03 GMT","level":"INFO","from":"demo_manager","message":"Map to parse is : unicorns-of-love-vs-sprout-m1-overpass.dem"}
{"date":"Sat, 30 May 2020 17:23:26 GMT","level":"INFO","from":"demo_manager","message":"Twitch JSON created"}
{"date":"Sat, 30 May 2020 17:23:26 GMT","level":"INFO","from":"demo_manager","message":"Downloading demos for match 2341601 demo id is : 57481"}
{"date":"Sat, 30 May 2020 17:23:44 GMT","level":"INFO","from":"demo_manager","message":"10 % of download complete"}
{"date":"Sat, 30 May 2020 17:44:29 GMT","level":"INFO","from":"demo_manager","message":"Twitch JSON created"}
{"date":"Sun, 31 May 2020 09:39:36 GMT","level":"INFO","from":"demo_manager","message":"Twitch JSON created"}
{"date":"Sun, 31 May 2020 09:40:04 GMT","level":"INFO","from":"demo_manager","message":"Twitch JSON created"}
{"date":"Sun, 31 May 2020 09:42:48 GMT","level":"INFO","from":"demo_manager","message":"Twitch JSON created"}
{"date":"Sun, 31 May 2020 09:42:52 GMT","level":"INFO","from":"demo_manager","message":"Twitch JSON created"}
{"date":"Sun, 31 May 2020 09:42:55 GMT","level":"INFO","from":"demo_manager","message":"Twitch JSON created"}
{"date":"Sun, 31 May 2020 09:47:55 GMT","level":"INFO","from":"demo_manager","message":"Twitch JSON created"}
{"date":"Sun, 31 May 2020 09:53:41 GMT","level":"INFO","from":"demo_manager","message":"Twitch JSON created"}
{"date":"Sun, 31 May 2020 19:06:13 GMT","level":"INFO","from":"demo_manager","message":"Twitch JSON created"}
{"date":"Sun, 31 May 2020 19:11:33 GMT","level":"INFO","from":"demo_manager","message":"Twitch JSON created"}
{"date":"Sun, 31 May 2020 19:19:15 GMT","level":"INFO","from":"demo_manager","message":"Twitch JSON created"}
{"date":"Sun, 31 May 2020 19:24:19 GMT","level":"INFO","from":"demo_manager","message":"Twitch JSON created"}
{"date":"Sun, 31 May 2020 19:28:05 GMT","level":"INFO","from":"demo_manager","message":"Twitch JSON created"}
{"date":"Sun, 31 May 2020 19:28:12 GMT","level":"INFO","from":"demo_manager","message":"Twitch JSON created"}
{"date":"Sun, 31 May 2020 19:54:29 GMT","level":"INFO","from":"demo_manager","message":"Twitch JSON created"}
{"date":"Sun, 31 May 2020 20:04:46 GMT","level":"INFO","from":"demo_manager","message":"Twitch JSON created"}
{"date":"Sun, 31 May 2020 20:06:59 GMT","level":"INFO","from":"demo_manager","message":"Twitch JSON created"}
{"date":"Sun, 31 May 2020 20:09:32 GMT","level":"INFO","from":"demo_manager","message":"Twitch JSON created"}
{"date":"Sun, 31 May 2020 20:09:32 GMT","level":"INFO","from":"demo_manager","message":"Twitch JSON created"}
{"date":"Sun, 31 May 2020 20:09:32 GMT","level":"INFO","from":"demo_manager","message":"Twitch JSON created"}
{"date":"Sun, 31 May 2020 20:09:32 GMT","level":"INFO","from":"demo_manager","message":"Twitch JSON created"}
{"date":"Sun, 31 May 2020 20:09:32 GMT","level":"INFO","from":"demo_manager","message":"Twitch JSON created"}
{"date":"Mon, 01 Jun 2020 20:00:03 GMT","level":"INFO","from":"demo_manager","message":"Twitch JSON created"}
{"date":"Mon, 01 Jun 2020 20:00:03 GMT","level":"INFO","from":"demo_manager","message":"Downloading demos for match 2341737 demo id is : 57566"}
{"date":"Mon, 01 Jun 2020 20:00:08 GMT","level":"INFO","from":"demo_manager","message":"10 % of download complete"}
{"date":"Mon, 01 Jun 2020 20:00:13 GMT","level":"INFO","from":"demo_manager","message":"20 % of download complete"}
{"date":"Mon, 01 Jun 2020 20:00:18 GMT","level":"INFO","from":"demo_manager","message":"30 % of download complete"}
{"date":"Mon, 01 Jun 2020 20:00:22 GMT","level":"INFO","from":"demo_manager","message":"40 % of download complete"}
{"date":"Mon, 01 Jun 2020 20:00:27 GMT","level":"INFO","from":"demo_manager","message":"50 % of download complete"}
{"date":"Mon, 01 Jun 2020 20:00:32 GMT","level":"INFO","from":"demo_manager","message":"60 % of download complete"}
{"date":"Mon, 01 Jun 2020 20:00:36 GMT","level":"INFO","from":"demo_manager","message":"70 % of download complete"}
{"date":"Mon, 01 Jun 2020 20:00:42 GMT","level":"INFO","from":"demo_manager","message":"80 % of download complete"}
{"date":"Mon, 01 Jun 2020 20:00:46 GMT","level":"INFO","from":"demo_manager","message":"90 % of download complete"}
{"date":"Mon, 01 Jun 2020 20:00:52 GMT","level":"INFO","from":"demo_manager","message":"100 % of download complete"}
{"date":"Mon, 01 Jun 2020 20:00:52 GMT","level":"INFO","from":"demo_manager","message":"Finished download for demo 2341737"}
{"date":"Mon, 01 Jun 2020 20:00:55 GMT","level":"INFO","from":"demo_manager","message":"Finished unrar for demo 2341737"}
{"date":"Mon, 01 Jun 2020 20:00:55 GMT","level":"INFO","from":"demo_manager","message":"Parsing demo for match 2341737 map 1"}
{"date":"Mon, 01 Jun 2020 20:00:55 GMT","level":"INFO","from":"demo_manager","message":"Map to parse is : avant-vs-pc419-dust2.dem"}
{"date":"Mon, 01 Jun 2020 20:03:40 GMT","level":"INFO","from":"demo_manager","message":"Good parsing for map : avant-vs-pc419-dust2.dem for match : 2341737"}
{"date":"Mon, 01 Jun 2020 20:03:40 GMT","level":"INFO","from":"demo_manager","message":"Match JSON created for match 2341737 map n°1"}
{"date":"Mon, 01 Jun 2020 20:30:01 GMT","level":"INFO","from":"demo_manager","message":"Twitch JSON created"}
{"date":"Mon, 01 Jun 2020 20:30:01 GMT","level":"INFO","from":"demo_manager","message":"Downloading demos for match 2341725 demo id is : 57573"}
{"date":"Mon, 01 Jun 2020 20:30:13 GMT","level":"INFO","from":"demo_manager","message":"10 % of download complete"}
{"date":"Mon, 01 Jun 2020 20:30:25 GMT","level":"INFO","from":"demo_manager","message":"20 % of download complete"}
{"date":"Mon, 01 Jun 2020 20:30:36 GMT","level":"INFO","from":"demo_manager","message":"30 % of download complete"}
{"date":"Mon, 01 Jun 2020 20:30:52 GMT","level":"INFO","from":"demo_manager","message":"40 % of download complete"}
{"date":"Mon, 01 Jun 2020 20:31:05 GMT","level":"INFO","from":"demo_manager","message":"50 % of download complete"}
{"date":"Mon, 01 Jun 2020 20:31:18 GMT","level":"INFO","from":"demo_manager","message":"60 % of download complete"}
{"date":"Mon, 01 Jun 2020 20:31:28 GMT","level":"INFO","from":"demo_manager","message":"70 % of download complete"}
{"date":"Mon, 01 Jun 2020 20:31:37 GMT","level":"INFO","from":"demo_manager","message":"80 % of download complete"}
{"date":"Mon, 01 Jun 2020 20:31:49 GMT","level":"INFO","from":"demo_manager","message":"90 % of download complete"}
{"date":"Mon, 01 Jun 2020 20:32:05 GMT","level":"INFO","from":"demo_manager","message":"100 % of download complete"}
{"date":"Mon, 01 Jun 2020 20:32:05 GMT","level":"INFO","from":"demo_manager","message":"Finished download for demo 2341725"}
{"date":"Mon, 01 Jun 2020 20:32:13 GMT","level":"INFO","from":"demo_manager","message":"Finished unrar for demo 2341725"}
{"date":"Mon, 01 Jun 2020 20:32:13 GMT","level":"INFO","from":"demo_manager","message":"Parsing demo for match 2341725 map 1"}
{"date":"Mon, 01 Jun 2020 20:32:13 GMT","level":"INFO","from":"demo_manager","message":"Map to parse is : espada-vs-navi-junior-m1-train.dem"}
{"date":"Mon, 01 Jun 2020 20:41:49 GMT","level":"INFO","from":"demo_manager","message":"Wrong parsing for map : espada-vs-navi-junior-m1-train.dem for match : 2341725"}
{"date":"Mon, 01 Jun 2020 20:41:49 GMT","level":"INFO","from":"demo_manager","message":"Parsing demo for match 2341725 map 2"}
{"date":"Mon, 01 Jun 2020 20:41:49 GMT","level":"INFO","from":"demo_manager","message":"Map to parse is : espada-vs-navi-junior-m2-inferno.dem"}
{"date":"Mon, 01 Jun 2020 20:46:41 GMT","level":"INFO","from":"demo_manager","message":"Good parsing for map : espada-vs-navi-junior-m2-inferno.dem for match : 2341725"}
{"date":"Mon, 01 Jun 2020 20:46:41 GMT","level":"INFO","from":"demo_manager","message":"Match JSON created for match 2341725 map n°2"}
{"date":"Mon, 01 Jun 2020 21:00:01 GMT","level":"INFO","from":"demo_manager","message":"Twitch JSON created"}
{"date":"Mon, 01 Jun 2020 21:00:01 GMT","level":"INFO","from":"demo_manager","message":"Downloading demos for match 2341742 demo id is : 57567"}
{"date":"Mon, 01 Jun 2020 21:00:06 GMT","level":"INFO","from":"demo_manager","message":"10 % of download complete"}
{"date":"Mon, 01 Jun 2020 21:00:10 GMT","level":"INFO","from":"demo_manager","message":"20 % of download complete"}
{"date":"Mon, 01 Jun 2020 21:00:14 GMT","level":"INFO","from":"demo_manager","message":"30 % of download complete"}
{"date":"Mon, 01 Jun 2020 21:00:19 GMT","level":"INFO","from":"demo_manager","message":"40 % of download complete"}
{"date":"Mon, 01 Jun 2020 21:00:23 GMT","level":"INFO","from":"demo_manager","message":"50 % of download complete"}
{"date":"Mon, 01 Jun 2020 21:00:27 GMT","level":"INFO","from":"demo_manager","message":"60 % of download complete"}
{"date":"Mon, 01 Jun 2020 21:00:31 GMT","level":"INFO","from":"demo_manager","message":"70 % of download complete"}
{"date":"Mon, 01 Jun 2020 21:00:37 GMT","level":"INFO","from":"demo_manager","message":"80 % of download complete"}
{"date":"Mon, 01 Jun 2020 21:00:40 GMT","level":"INFO","from":"demo_manager","message":"90 % of download complete"}
{"date":"Mon, 01 Jun 2020 21:00:44 GMT","level":"INFO","from":"demo_manager","message":"100 % of download complete"}
{"date":"Mon, 01 Jun 2020 21:00:44 GMT","level":"INFO","from":"demo_manager","message":"Finished download for demo 2341742"}
{"date":"Mon, 01 Jun 2020 21:00:47 GMT","level":"INFO","from":"demo_manager","message":"Finished unrar for demo 2341742"}
{"date":"Mon, 01 Jun 2020 21:00:47 GMT","level":"INFO","from":"demo_manager","message":"Parsing demo for match 2341742 map 1"}
{"date":"Mon, 01 Jun 2020 21:00:47 GMT","level":"INFO","from":"demo_manager","message":"Map to parse is : justice-vs-order-train.dem"}
{"date":"Mon, 01 Jun 2020 21:04:03 GMT","level":"INFO","from":"demo_manager","message":"Good parsing for map : justice-vs-order-train.dem for match : 2341742"}
{"date":"Mon, 01 Jun 2020 21:04:03 GMT","level":"INFO","from":"demo_manager","message":"Match JSON created for match 2341742 map n°1"}
{"date":"Tue, 02 Jun 2020 10:00:03 GMT","level":"INFO","from":"demo_manager","message":"Twitch JSON created"}
{"date":"Tue, 02 Jun 2020 10:00:03 GMT","level":"INFO","from":"demo_manager","message":"Downloading demos for match 2341740 demo id is : 57568"}
{"date":"Tue, 02 Jun 2020 10:00:18 GMT","level":"INFO","from":"demo_manager","message":"10 % of download complete"}
{"date":"Tue, 02 Jun 2020 10:00:35 GMT","level":"INFO","from":"demo_manager","message":"20 % of download complete"}
{"date":"Tue, 02 Jun 2020 10:00:53 GMT","level":"INFO","from":"demo_manager","message":"30 % of download complete"}
{"date":"Tue, 02 Jun 2020 10:01:10 GMT","level":"INFO","from":"demo_manager","message":"40 % of download complete"}
{"date":"Tue, 02 Jun 2020 10:01:24 GMT","level":"INFO","from":"demo_manager","message":"50 % of download complete"}
{"date":"Tue, 02 Jun 2020 10:01:39 GMT","level":"INFO","from":"demo_manager","message":"60 % of download complete"}
{"date":"Tue, 02 Jun 2020 10:01:56 GMT","level":"INFO","from":"demo_manager","message":"70 % of download complete"}
{"date":"Tue, 02 Jun 2020 10:02:10 GMT","level":"INFO","from":"demo_manager","message":"80 % of download complete"}
{"date":"Tue, 02 Jun 2020 10:02:24 GMT","level":"INFO","from":"demo_manager","message":"90 % of download complete"}
{"date":"Tue, 02 Jun 2020 10:02:39 GMT","level":"INFO","from":"demo_manager","message":"100 % of download complete"}
{"date":"Tue, 02 Jun 2020 10:02:40 GMT","level":"INFO","from":"demo_manager","message":"Finished download for demo 2341740"}
{"date":"Tue, 02 Jun 2020 10:02:45 GMT","level":"INFO","from":"demo_manager","message":"Finished unrar for demo 2341740"}
{"date":"Tue, 02 Jun 2020 10:02:45 GMT","level":"INFO","from":"demo_manager","message":"Parsing demo for match 2341740 map 1"}
{"date":"Tue, 02 Jun 2020 10:02:45 GMT","level":"INFO","from":"demo_manager","message":"Map to parse is : incept-vs-avant-dust2.dem"}
{"date":"Tue, 02 Jun 2020 10:16:27 GMT","level":"INFO","from":"demo_manager","message":"Good parsing for map : incept-vs-avant-dust2.dem for match : 2341740"}
{"date":"Tue, 02 Jun 2020 10:16:27 GMT","level":"INFO","from":"demo_manager","message":"Match JSON created for match 2341740 map n°1"}
{"date":"Tue, 02 Jun 2020 10:30:01 GMT","level":"INFO","from":"demo_manager","message":"Twitch JSON created"}
{"date":"Tue, 02 Jun 2020 10:30:01 GMT","level":"INFO","from":"demo_manager","message":"Downloading demos for match 2341641 demo id is : 57563"}
{"date":"Tue, 02 Jun 2020 10:30:24 GMT","level":"INFO","from":"demo_manager","message":"10 % of download complete"}
{"date":"Tue, 02 Jun 2020 10:30:49 GMT","level":"INFO","from":"demo_manager","message":"20 % of download complete"}
{"date":"Tue, 02 Jun 2020 10:31:13 GMT","level":"INFO","from":"demo_manager","message":"30 % of download complete"}
{"date":"Tue, 02 Jun 2020 10:31:37 GMT","level":"INFO","from":"demo_manager","message":"40 % of download complete"}
{"date":"Tue, 02 Jun 2020 10:32:02 GMT","level":"INFO","from":"demo_manager","message":"50 % of download complete"}
{"date":"Tue, 02 Jun 2020 10:32:26 GMT","level":"INFO","from":"demo_manager","message":"60 % of download complete"}
{"date":"Tue, 02 Jun 2020 10:32:49 GMT","level":"INFO","from":"demo_manager","message":"70 % of download complete"}
{"date":"Tue, 02 Jun 2020 10:33:13 GMT","level":"INFO","from":"demo_manager","message":"80 % of download complete"}
{"date":"Tue, 02 Jun 2020 10:33:37 GMT","level":"INFO","from":"demo_manager","message":"90 % of download complete"}
{"date":"Tue, 02 Jun 2020 10:34:01 GMT","level":"INFO","from":"demo_manager","message":"100 % of download complete"}
{"date":"Tue, 02 Jun 2020 10:34:02 GMT","level":"INFO","from":"demo_manager","message":"Finished download for demo 2341641"}
{"date":"Tue, 02 Jun 2020 10:34:07 GMT","level":"INFO","from":"demo_manager","message":"Finished unrar for demo 2341641"}
{"date":"Tue, 02 Jun 2020 10:34:07 GMT","level":"INFO","from":"demo_manager","message":"Parsing demo for match 2341641 map 1"}
{"date":"Tue, 02 Jun 2020 10:34:07 GMT","level":"INFO","from":"demo_manager","message":"Map to parse is : saw-vs-salamander-inferno.dem"}
{"date":"Tue, 02 Jun 2020 10:42:17 GMT","level":"INFO","from":"demo_manager","message":"Wrong parsing for map : saw-vs-salamander-inferno.dem for match : 2341641"}
{"date":"Tue, 02 Jun 2020 11:00:01 GMT","level":"INFO","from":"demo_manager","message":"Twitch JSON created"}
{"date":"Tue, 02 Jun 2020 11:00:01 GMT","level":"INFO","from":"demo_manager","message":"Downloading demos for match 2341738 demo id is : 57569"}
{"date":"Tue, 02 Jun 2020 11:00:07 GMT","level":"INFO","from":"demo_manager","message":"10 % of download complete"}
{"date":"Tue, 02 Jun 2020 11:00:13 GMT","level":"INFO","from":"demo_manager","message":"20 % of download complete"}
{"date":"Tue, 02 Jun 2020 11:00:19 GMT","level":"INFO","from":"demo_manager","message":"30 % of download complete"}
{"date":"Tue, 02 Jun 2020 11:00:25 GMT","level":"INFO","from":"demo_manager","message":"40 % of download complete"}
{"date":"Tue, 02 Jun 2020 11:00:31 GMT","level":"INFO","from":"demo_manager","message":"50 % of download complete"}
{"date":"Tue, 02 Jun 2020 11:00:37 GMT","level":"INFO","from":"demo_manager","message":"60 % of download complete"}
{"date":"Tue, 02 Jun 2020 11:00:43 GMT","level":"INFO","from":"demo_manager","message":"70 % of download complete"}
{"date":"Tue, 02 Jun 2020 11:00:48 GMT","level":"INFO","from":"demo_manager","message":"80 % of download complete"}
{"date":"Tue, 02 Jun 2020 11:00:55 GMT","level":"INFO","from":"demo_manager","message":"90 % of download complete"}
{"date":"Tue, 02 Jun 2020 11:01:01 GMT","level":"INFO","from":"demo_manager","message":"100 % of download complete"}
{"date":"Tue, 02 Jun 2020 11:01:01 GMT","level":"INFO","from":"demo_manager","message":"Finished download for demo 2341738"}
{"date":"Tue, 02 Jun 2020 11:01:05 GMT","level":"INFO","from":"demo_manager","message":"Finished unrar for demo 2341738"}
{"date":"Tue, 02 Jun 2020 11:01:05 GMT","level":"INFO","from":"demo_manager","message":"Parsing demo for match 2341738 map 1"}
{"date":"Tue, 02 Jun 2020 11:01:05 GMT","level":"INFO","from":"demo_manager","message":"Map to parse is : skyfire-vs-ground-zero-nuke.dem"}
{"date":"Tue, 02 Jun 2020 11:08:06 GMT","level":"INFO","from":"demo_manager","message":"Wrong parsing for map : skyfire-vs-ground-zero-nuke.dem for match : 2341738"}
{"date":"Tue, 02 Jun 2020 11:17:34 GMT","level":"INFO","from":"demo_manager","message":"Twitch JSON created"}
{"date":"Tue, 02 Jun 2020 11:30:01 GMT","level":"INFO","from":"demo_manager","message":"Twitch JSON created"}
{"date":"Tue, 02 Jun 2020 11:30:01 GMT","level":"INFO","from":"demo_manager","message":"Downloading demos for match 2341744 demo id is : 57570"}
{"date":"Tue, 02 Jun 2020 11:30:05 GMT","level":"INFO","from":"demo_manager","message":"10 % of download complete"}
{"date":"Tue, 02 Jun 2020 11:30:09 GMT","level":"INFO","from":"demo_manager","message":"20 % of download complete"}
{"date":"Tue, 02 Jun 2020 11:30:14 GMT","level":"INFO","from":"demo_manager","message":"30 % of download complete"}
{"date":"Tue, 02 Jun 2020 11:30:18 GMT","level":"INFO","from":"demo_manager","message":"40 % of download complete"}
{"date":"Tue, 02 Jun 2020 11:30:22 GMT","level":"INFO","from":"demo_manager","message":"50 % of download complete"}
{"date":"Tue, 02 Jun 2020 11:30:26 GMT","level":"INFO","from":"demo_manager","message":"60 % of download complete"}
{"date":"Tue, 02 Jun 2020 11:30:30 GMT","level":"INFO","from":"demo_manager","message":"70 % of download complete"}
{"date":"Tue, 02 Jun 2020 11:30:35 GMT","level":"INFO","from":"demo_manager","message":"80 % of download complete"}
{"date":"Tue, 02 Jun 2020 11:30:39 GMT","level":"INFO","from":"demo_manager","message":"90 % of download complete"}
{"date":"Tue, 02 Jun 2020 11:30:43 GMT","level":"INFO","from":"demo_manager","message":"100 % of download complete"}
{"date":"Tue, 02 Jun 2020 11:30:43 GMT","level":"INFO","from":"demo_manager","message":"Finished download for demo 2341744"}
{"date":"Tue, 02 Jun 2020 11:30:51 GMT","level":"INFO","from":"demo_manager","message":"Finished unrar for demo 2341744"}
{"date":"Tue, 02 Jun 2020 11:30:51 GMT","level":"INFO","from":"demo_manager","message":"Parsing demo for match 2341744 map 1"}
{"date":"Tue, 02 Jun 2020 11:30:51 GMT","level":"INFO","from":"demo_manager","message":"Map to parse is : bantz-vs-forbidden-mirage.dem"}
{"date":"Tue, 02 Jun 2020 11:35:56 GMT","level":"INFO","from":"demo_manager","message":"Good parsing for map : bantz-vs-forbidden-mirage.dem for match : 2341744"}
{"date":"Tue, 02 Jun 2020 11:35:56 GMT","level":"INFO","from":"demo_manager","message":"Match JSON created for match 2341744 map n°1"}
{"date":"Tue, 02 Jun 2020 12:00:01 GMT","level":"INFO","from":"demo_manager","message":"Twitch JSON created"}
{"date":"Tue, 02 Jun 2020 12:00:01 GMT","level":"INFO","from":"demo_manager","message":"Downloading demos for match 2341741 demo id is : 57571"}
{"date":"Tue, 02 Jun 2020 12:00:04 GMT","level":"INFO","from":"demo_manager","message":"10 % of download complete"}
{"date":"Tue, 02 Jun 2020 12:00:08 GMT","level":"INFO","from":"demo_manager","message":"20 % of download complete"}
{"date":"Tue, 02 Jun 2020 12:00:11 GMT","level":"INFO","from":"demo_manager","message":"30 % of download complete"}
{"date":"Tue, 02 Jun 2020 12:00:15 GMT","level":"INFO","from":"demo_manager","message":"40 % of download complete"}
{"date":"Tue, 02 Jun 2020 12:00:18 GMT","level":"INFO","from":"demo_manager","message":"50 % of download complete"}
{"date":"Tue, 02 Jun 2020 12:00:21 GMT","level":"INFO","from":"demo_manager","message":"60 % of download complete"}
{"date":"Tue, 02 Jun 2020 12:00:25 GMT","level":"INFO","from":"demo_manager","message":"70 % of download complete"}
{"date":"Tue, 02 Jun 2020 12:00:28 GMT","level":"INFO","from":"demo_manager","message":"80 % of download complete"}
{"date":"Tue, 02 Jun 2020 12:00:31 GMT","level":"INFO","from":"demo_manager","message":"90 % of download complete"}
{"date":"Tue, 02 Jun 2020 12:00:35 GMT","level":"INFO","from":"demo_manager","message":"100 % of download complete"}
{"date":"Tue, 02 Jun 2020 12:00:35 GMT","level":"INFO","from":"demo_manager","message":"Finished download for demo 2341741"}
{"date":"Tue, 02 Jun 2020 12:00:38 GMT","level":"INFO","from":"demo_manager","message":"Finished unrar for demo 2341741"}
{"date":"Tue, 02 Jun 2020 12:00:38 GMT","level":"INFO","from":"demo_manager","message":"Parsing demo for match 2341741 map 1"}
{"date":"Tue, 02 Jun 2020 12:00:38 GMT","level":"INFO","from":"demo_manager","message":"Map to parse is : rooster-vs-incept-mirage.dem"}
{"date":"Tue, 02 Jun 2020 12:02:57 GMT","level":"INFO","from":"demo_manager","message":"Good parsing for map : rooster-vs-incept-mirage.dem for match : 2341741"}
{"date":"Tue, 02 Jun 2020 12:02:57 GMT","level":"INFO","from":"demo_manager","message":"Match JSON created for match 2341741 map n°1"}
