{"date":"Wed, 27 May 2020 08:10:55 GMT","level":"INFO","from":"app","message":"App is listening on port 3000"}
{"date":"Wed, 27 May 2020 10:06:33 GMT","level":"INFO","from":"app","message":"App is listening on port 3000"}
{"date":"Wed, 27 May 2020 10:23:39 GMT","level":"INFO","from":"app","message":"App is listening on port 3000"}
{"date":"Wed, 27 May 2020 10:26:27 GMT","level":"INFO","from":"app","message":"App is listening on port 3000"}
{"date":"Wed, 27 May 2020 17:09:47 GMT","level":"INFO","from":"app","message":"App is listening on port 3000"}
{"date":"Wed, 27 May 2020 17:25:58 GMT","level":"INFO","from":"app","message":"App is listening on port 3000"}
{"date":"Wed, 27 May 2020 17:32:11 GMT","level":"INFO","from":"app","message":"App is listening on port 3000"}
{"date":"Wed, 27 May 2020 17:35:40 GMT","level":"INFO","from":"app","message":"App is listening on port 3000"}
{"date":"Wed, 27 May 2020 17:36:52 GMT","level":"INFO","from":"app","message":"App is listening on port 3000"}
{"date":"Wed, 27 May 2020 17:38:15 GMT","level":"INFO","from":"app","message":"App is listening on port 3000"}
{"date":"Wed, 27 May 2020 17:40:02 GMT","level":"INFO","from":"app","message":"App is listening on port 3000"}
{"date":"Wed, 27 May 2020 17:40:16 GMT","level":"INFO","from":"app","message":"App is listening on port 3000"}
{"date":"Thu, 28 May 2020 17:05:04 GMT","level":"INFO","from":"app","message":"App is listening on port 3000"}
{"date":"Thu, 28 May 2020 17:19:56 GMT","level":"INFO","from":"http","message":"Maps for match 2341035 does not exist"}
{"date":"Thu, 28 May 2020 17:25:32 GMT","level":"INFO","from":"app","message":"App is listening on port 3000"}
{"date":"Thu, 28 May 2020 18:08:44 GMT","level":"INFO","from":"http","message":"Maps for match 2341408 does not exist"}
{"date":"Thu, 28 May 2020 18:09:27 GMT","level":"INFO","from":"app","message":"App is listening on port 3000"}
{"date":"Thu, 28 May 2020 18:09:31 GMT","level":"INFO","from":"http","message":"Maps for match 2341626 does not exist"}
{"date":"Thu, 28 May 2020 18:09:36 GMT","level":"INFO","from":"http","message":"Maps for match 2341627 does not exist"}
{"date":"Thu, 28 May 2020 18:09:38 GMT","level":"INFO","from":"http","message":"Maps for match 2341622 does not exist"}
{"date":"Thu, 28 May 2020 18:09:43 GMT","level":"INFO","from":"http","message":"Maps for match 2341477 does not exist"}
{"date":"Thu, 28 May 2020 18:13:48 GMT","level":"INFO","from":"http","message":"Maps for match 2341654 does not exist"}
{"date":"Thu, 28 May 2020 20:07:53 GMT","level":"INFO","from":"app","message":"App is listening on port 3000"}
{"date":"Thu, 28 May 2020 20:09:28 GMT","level":"INFO","from":"app","message":"App is listening on port 3000"}
{"date":"Thu, 28 May 2020 20:09:33 GMT","level":"INFO","from":"http","message":"Maps for match 2341655 does not exist"}
{"date":"Thu, 28 May 2020 20:10:41 GMT","level":"INFO","from":"app","message":"App is listening on port 3000"}
{"date":"Thu, 28 May 2020 20:10:46 GMT","level":"INFO","from":"http","message":"Maps for match 2341657 does not exist"}
{"date":"Thu, 28 May 2020 20:10:57 GMT","level":"INFO","from":"http","message":"Maps for match 2341647 does not exist"}
{"date":"Thu, 28 May 2020 20:11:16 GMT","level":"INFO","from":"http","message":"Maps for match 2341606 does not exist"}
{"date":"Thu, 28 May 2020 20:12:24 GMT","level":"INFO","from":"http","message":"Maps for match 2341719 does not exist"}
{"date":"Thu, 28 May 2020 20:13:26 GMT","level":"INFO","from":"app","message":"App is listening on port 3000"}
{"date":"Thu, 28 May 2020 20:13:31 GMT","level":"INFO","from":"http","message":"Maps for match 2341630 does not exist"}
{"date":"Thu, 28 May 2020 20:14:54 GMT","level":"INFO","from":"app","message":"App is listening on port 3000"}
{"date":"Thu, 28 May 2020 20:14:55 GMT","level":"INFO","from":"http","message":"Maps for match 2341724 does not exist"}
{"date":"Thu, 28 May 2020 20:21:31 GMT","level":"INFO","from":"app","message":"App is listening on port 3000"}
{"date":"Thu, 28 May 2020 20:21:35 GMT","level":"INFO","from":"http","message":"Maps for match 2341631 does not exist"}
{"date":"Thu, 28 May 2020 20:21:49 GMT","level":"INFO","from":"app","message":"App is listening on port 3000"}
{"date":"Thu, 28 May 2020 20:21:56 GMT","level":"INFO","from":"http","message":"Maps for match 2341618 does not exist"}
{"date":"Thu, 28 May 2020 20:28:26 GMT","level":"INFO","from":"app","message":"App is listening on port 3000"}
{"date":"Thu, 28 May 2020 20:31:00 GMT","level":"INFO","from":"app","message":"App is listening on port 3000"}
{"date":"Thu, 28 May 2020 20:31:15 GMT","level":"INFO","from":"app","message":"App is listening on port 3000"}
{"date":"Thu, 28 May 2020 20:34:01 GMT","level":"INFO","from":"app","message":"App is listening on port 3000"}
{"date":"Thu, 28 May 2020 20:34:05 GMT","level":"INFO","from":"app","message":"App is listening on port 3000"}
{"date":"Thu, 28 May 2020 20:35:17 GMT","level":"INFO","from":"app","message":"App is listening on port 3000"}
{"date":"Thu, 28 May 2020 20:39:04 GMT","level":"INFO","from":"app","message":"App is listening on port 3000"}
{"date":"Thu, 28 May 2020 20:39:31 GMT","level":"INFO","from":"app","message":"App is listening on port 3000"}
{"date":"Thu, 28 May 2020 20:41:52 GMT","level":"INFO","from":"app","message":"App is listening on port 3000"}
{"date":"Thu, 28 May 2020 20:42:32 GMT","level":"INFO","from":"app","message":"App is listening on port 3000"}
{"date":"Thu, 28 May 2020 20:45:13 GMT","level":"INFO","from":"app","message":"App is listening on port 3000"}
{"date":"Sat, 30 May 2020 17:15:10 GMT","level":"INFO","from":"app","message":"App is listening on port 3000"}
{"date":"Sat, 30 May 2020 17:20:01 GMT","level":"INFO","from":"app","message":"App is listening on port 3000"}
{"date":"Sat, 30 May 2020 17:23:25 GMT","level":"INFO","from":"app","message":"App is listening on port 3000"}
{"date":"Sat, 30 May 2020 17:24:32 GMT","level":"INFO","from":"app","message":"App is listening on port 3000"}
{"date":"Sat, 30 May 2020 17:33:24 GMT","level":"INFO","from":"app","message":"App is listening on port 3000"}
{"date":"Sat, 30 May 2020 17:33:59 GMT","level":"INFO","from":"app","message":"App is listening on port 3000"}
{"date":"Sat, 30 May 2020 17:36:56 GMT","level":"INFO","from":"app","message":"App is listening on port 3000"}
{"date":"Sat, 30 May 2020 17:37:02 GMT","level":"INFO","from":"app","message":"App is listening on port 3000"}
{"date":"Sat, 30 May 2020 17:39:35 GMT","level":"INFO","from":"app","message":"App is listening on port 3000"}
{"date":"Sat, 30 May 2020 17:43:53 GMT","level":"INFO","from":"app","message":"App is listening on port 3000"}
{"date":"Sat, 30 May 2020 17:44:22 GMT","level":"INFO","from":"app","message":"App is listening on port 3000"}
{"date":"Sat, 30 May 2020 17:44:28 GMT","level":"INFO","from":"http","message":"Maps for match 2341753 does not exist"}
{"date":"Sat, 30 May 2020 17:52:41 GMT","level":"INFO","from":"app","message":"App is listening on port 3000"}
{"date":"Sun, 31 May 2020 09:39:24 GMT","level":"INFO","from":"app","message":"App is listening on port 3000"}
{"date":"Sun, 31 May 2020 09:39:36 GMT","level":"INFO","from":"http","message":"Maps for match 2341654 does not exist"}
{"date":"Sun, 31 May 2020 09:40:03 GMT","level":"INFO","from":"http","message":"Maps for match 2341080 does not exist"}
{"date":"Sun, 31 May 2020 09:42:47 GMT","level":"INFO","from":"http","message":"Maps for match 2341643 does not exist"}
{"date":"Sun, 31 May 2020 09:42:52 GMT","level":"INFO","from":"http","message":"Maps for match 2341671 does not exist"}
{"date":"Sun, 31 May 2020 09:42:55 GMT","level":"INFO","from":"http","message":"Maps for match 2341663 does not exist"}
{"date":"Sun, 31 May 2020 09:47:54 GMT","level":"INFO","from":"http","message":"Maps for match 2341660 does not exist"}
{"date":"Sun, 31 May 2020 09:53:41 GMT","level":"INFO","from":"http","message":"Maps for match 2341669 does not exist"}
{"date":"Sun, 31 May 2020 19:05:25 GMT","level":"INFO","from":"app","message":"App is listening on port 3000"}
{"date":"Sun, 31 May 2020 19:06:12 GMT","level":"INFO","from":"http","message":"Maps for match 2341042 does not exist"}
{"date":"Sun, 31 May 2020 19:11:32 GMT","level":"INFO","from":"http","message":"Maps for match 2341731 does not exist"}
{"date":"Sun, 31 May 2020 19:19:14 GMT","level":"INFO","from":"http","message":"Maps for match 2341448 does not exist"}
{"date":"Sun, 31 May 2020 19:24:18 GMT","level":"INFO","from":"http","message":"Maps for match 2341774 does not exist"}
{"date":"Sun, 31 May 2020 19:28:05 GMT","level":"INFO","from":"http","message":"Maps for match 2341544 does not exist"}
{"date":"Sun, 31 May 2020 19:28:12 GMT","level":"INFO","from":"http","message":"Maps for match 2341771 does not exist"}
{"date":"Sun, 31 May 2020 19:54:28 GMT","level":"INFO","from":"http","message":"Maps for match 2341449 does not exist"}
{"date":"Sun, 31 May 2020 20:04:46 GMT","level":"INFO","from":"http","message":"Maps for match 2341776 does not exist"}
{"date":"Sun, 31 May 2020 20:06:59 GMT","level":"INFO","from":"http","message":"Maps for match 2341783 does not exist"}
{"date":"Sun, 31 May 2020 20:09:31 GMT","level":"INFO","from":"http","message":"Maps for match 2341777 does not exist"}
{"date":"Sun, 31 May 2020 20:09:31 GMT","level":"INFO","from":"http","message":"Maps for match 2341060 does not exist"}
{"date":"Sun, 31 May 2020 20:09:31 GMT","level":"INFO","from":"http","message":"Maps for match 2341650 does not exist"}
{"date":"Sun, 31 May 2020 20:09:31 GMT","level":"INFO","from":"http","message":"Maps for match 2341545 does not exist"}
{"date":"Sun, 31 May 2020 20:09:31 GMT","level":"INFO","from":"http","message":"Maps for match 2341778 does not exist"}
{"date":"Sun, 31 May 2020 20:42:54 GMT","level":"INFO","from":"app","message":"App is listening on port 3000"}
{"date":"Sun, 31 May 2020 21:16:46 GMT","level":"INFO","from":"app","message":"App is listening on port 3000"}
{"date":"Sun, 31 May 2020 21:29:56 GMT","level":"INFO","from":"app","message":"App is listening on port 3000"}
{"date":"Sun, 31 May 2020 21:43:13 GMT","level":"INFO","from":"app","message":"App is listening on port 3000"}
{"date":"Sun, 31 May 2020 21:44:04 GMT","level":"INFO","from":"app","message":"App is listening on port 3000"}
{"date":"Sun, 31 May 2020 21:44:37 GMT","level":"INFO","from":"app","message":"App is listening on port 3000"}
{"date":"Sun, 31 May 2020 21:46:04 GMT","level":"INFO","from":"app","message":"App is listening on port 3000"}
{"date":"Sun, 31 May 2020 21:46:39 GMT","level":"INFO","from":"app","message":"App is listening on port 3000"}
{"date":"Sun, 31 May 2020 21:46:49 GMT","level":"INFO","from":"app","message":"App is listening on port 3000"}
{"date":"Sun, 31 May 2020 21:46:56 GMT","level":"INFO","from":"app","message":"App is listening on port 3000"}
{"date":"Sun, 31 May 2020 21:47:23 GMT","level":"INFO","from":"app","message":"App is listening on port 3000"}
{"date":"Sun, 31 May 2020 21:47:33 GMT","level":"INFO","from":"app","message":"App is listening on port 3000"}
{"date":"Sun, 31 May 2020 21:47:57 GMT","level":"INFO","from":"app","message":"App is listening on port 3000"}
{"date":"Sun, 31 May 2020 21:48:06 GMT","level":"INFO","from":"app","message":"App is listening on port 3000"}
{"date":"Sun, 31 May 2020 21:48:24 GMT","level":"INFO","from":"app","message":"App is listening on port 3000"}
{"date":"Mon, 01 Jun 2020 14:21:30 GMT","level":"INFO","from":"app","message":"App is listening on port 3000"}
{"date":"Mon, 01 Jun 2020 19:53:08 GMT","level":"INFO","from":"app","message":"Starting cron job"}
{"date":"Mon, 01 Jun 2020 19:53:08 GMT","level":"INFO","from":"app","message":"App is listening on port 3000"}
{"date":"Mon, 01 Jun 2020 19:53:18 GMT","level":"INFO","from":"app","message":"Starting cron job"}
{"date":"Mon, 01 Jun 2020 19:53:18 GMT","level":"INFO","from":"app","message":"App is listening on port 3000"}
{"date":"Mon, 01 Jun 2020 20:47:22 GMT","level":"INFO","from":"app","message":"Starting cron job"}
{"date":"Mon, 01 Jun 2020 20:47:22 GMT","level":"INFO","from":"app","message":"App is listening on port 3000"}
{"date":"Tue, 02 Jun 2020 09:33:37 GMT","level":"INFO","from":"app","message":"Starting cron job"}
{"date":"Tue, 02 Jun 2020 09:33:37 GMT","level":"INFO","from":"app","message":"App is listening on port 3000"}
{"date":"Tue, 02 Jun 2020 09:53:29 GMT","level":"INFO","from":"app","message":"Starting cron job"}
{"date":"Tue, 02 Jun 2020 09:53:29 GMT","level":"INFO","from":"app","message":"App is listening on port 3000"}
{"date":"Tue, 02 Jun 2020 11:17:32 GMT","level":"INFO","from":"http","message":"Maps for match 2341448 does not exist"}
